<?xml version="1.0" encoding="UTF-8"?>
<testsuite xmlns:xsi="http://www.w3.org/2001/XMLSchema-instance" xsi:noNamespaceSchemaLocation="https://maven.apache.org/surefire/maven-surefire-plugin/xsd/surefire-test-report-3.0.xsd" version="3.0" name="TestSuite" time="15.221" tests="34" errors="0" skipped="0" failures="0">
  <properties>
[...]
</properties>
  <testcase name="testGetALlProductsSuccessfully" classname="apiTest.ProductsAPiTest" time="3.847">
    <system-out><![CDATA[Request Log : 
__________________________________________
Request method:	GET
Request URI:	http://localhost:3030/products
Proxy:			<none>
Request params:	<none>
Query params:	<none>
Form params:	<none>
Path params:	<none>
Headers:		Accept=*/*
				Content-Type=application/json
Cookies:		<none>
Multiparts:		<none>
Body:			<none>
Response Log :  
__________________________________________
{
    "total": 51970,
    "limit": 10,
    "skip": 0,
    "data": [
        {
            "id": 43900,
            "name": "Duracell - AAA Batteries (4-Pack)",
            "type": "HardGood",
            "price": 5.49,
            "upc": "041333424019",
            "shipping": 0,
            "description": "Compatible with select electronic devices; AAA size; DURALOCK Power Preserve technology; 4-pack",
            "manufacturer": "Duracell",
            "model": "MN2400B4Z",
            "url": "http://www.bestbuy.com/site/duracell-aaa-batteries-4-pack/43900.p?id=1051384074145&skuId=43900&cmp=RMXCC",
            "image": "http://img.bbystatic.com/BestBuy_US/images/products/4390/43900_sa.jpg",
            "createdAt": "2016-11-17T17:58:03.298Z",
            "updatedAt": "2016-11-17T17:58:03.298Z",
            "categories": [
                {
                    "id": "abcat0208002",
                    "name": "Alkaline Batteries",
                    "createdAt": "2016-11-17T17:57:04.285Z",
                    "updatedAt": "2016-11-17T17:57:04.285Z"
                },
                {
                    "id": "pcmcat248700050021",
                    "name": "Housewares",
                    "createdAt": "2016-11-17T17:57:05.399Z",
                    "updatedAt": "2016-11-17T17:57:05.399Z"
                },
                {
                    "id": "pcmcat303600050001",
                    "name": "Household Batteries",
                    "createdAt": "2016-11-17T17:57:04.285Z",
                    "updatedAt": "2016-11-17T17:57:04.285Z"
                },
                {
                    "id": "pcmcat312300050015",
                    "name": "Connected Home & Housewares",
                    "createdAt": "2016-11-17T17:57:04.285Z",
                    "updatedAt": "2016-11-17T17:57:04.285Z"
                }
            ]
        },
        {
            "id": 48530,
            "name": "Duracell - AA 1.5V CopperTop Batteries (4-Pack)",
            "type": "HardGood",
            "price": 5.49,
            "upc": "041333415017",
            "shipping": 0,
            "description": "Long-lasting energy; DURALOCK Power Preserve technology; for toys, clocks, radios, games, remotes, PDAs and more",
            "manufacturer": "Duracell",
            "model": "MN1500B4Z",
            "url": "http://www.bestbuy.com/site/duracell-aa-1-5v-coppertop-batteries-4-pack/48530.p?id=1099385268988&skuId=48530&cmp=RMXCC",
            "image": "http://img.bbystatic.com/BestBuy_US/images/products/4853/48530_sa.jpg",
            "createdAt": "2016-11-17T17:58:03.298Z",
            "updatedAt": "2016-11-17T17:58:03.298Z",
            "categories": [
                {
                    "id": "abcat0208002",
                    "name": "Alkaline Batteries",
                    "createdAt": "2016-11-17T17:57:04.285Z",
                    "updatedAt": "2016-11-17T17:57:04.285Z"
                },
                {
                    "id": "pcmcat248700050021",
                    "name": "Housewares",
                    "createdAt": "2016-11-17T17:57:05.399Z",
                    "updatedAt": "2016-11-17T17:57:05.399Z"
                },
                {
                    "id": "pcmcat303600050001",
                    "name": "Household Batteries",
                    "createdAt": "2016-11-17T17:57:04.285Z",
                    "updatedAt": "2016-11-17T17:57:04.285Z"
                },
                {
                    "id": "pcmcat312300050015",
                    "name": "Connected Home & Housewares",
                    "createdAt": "2016-11-17T17:57:04.285Z",
                    "updatedAt": "2016-11-17T17:57:04.285Z"
                }
            ]
        },
        {
            "id": 127687,
            "name": "Duracell - AA Batteries (8-Pack)",
            "type": "HardGood",
            "price": 7.49,
            "upc": "041333825014",
            "shipping": 0,
            "description": "Compatible with select electronic devices; AA size; DURALOCK Power Preserve technology; 8-pack",
            "manufacturer": "Duracell",
            "model": "MN1500B8Z",
            "url": "http://www.bestbuy.com/site/duracell-aa-batteries-8-pack/127687.p?id=1051384045676&skuId=127687&cmp=RMXCC",
            "image": "http://img.bbystatic.com/BestBuy_US/images/products/1276/127687_sa.jpg",
            "createdAt": "2016-11-17T17:58:03.298Z",
            "updatedAt": "2016-11-17T17:58:03.298Z",
            "categories": [
                {
                    "id": "abcat0208002",
                    "name": "Alkaline Batteries",
                    "createdAt": "2016-11-17T17:57:04.285Z",
                    "updatedAt": "2016-11-17T17:57:04.285Z"
                },
                {
                    "id": "pcmcat248700050021",
                    "name": "Housewares",
                    "createdAt": "2016-11-17T17:57:05.399Z",
                    "updatedAt": "2016-11-17T17:57:05.399Z"
                },
                {
                    "id": "pcmcat303600050001",
                    "name": "Household Batteries",
                    "createdAt": "2016-11-17T17:57:04.285Z",
                    "updatedAt": "2016-11-17T17:57:04.285Z"
                },
                {
                    "id": "pcmcat312300050015",
                    "name": "Connected Home & Housewares",
                    "createdAt": "2016-11-17T17:57:04.285Z",
                    "updatedAt": "2016-11-17T17:57:04.285Z"
                }
            ]
        },
        {
            "id": 150115,
            "name": "Energizer - MAX Batteries AA (4-Pack)",
            "type": "HardGood",
            "price": 4.99,
            "upc": "039800011329",
            "shipping": 0,
            "description": "4-pack AA alkaline batteries; battery tester included",
            "manufacturer": "Energizer",
            "model": "E91BP-4",
            "url": "http://www.bestbuy.com/site/energizer-max-batteries-aa-4-pack/150115.p?id=1051384046217&skuId=150115&cmp=RMXCC",
            "image": "http://img.bbystatic.com/BestBuy_US/images/products/1501/150115_sa.jpg",
            "createdAt": "2016-11-17T17:58:03.298Z",
            "updatedAt": "2016-11-17T17:58:03.298Z",
            "categories": [
                {
                    "id": "abcat0208002",
                    "name": "Alkaline Batteries",
                    "createdAt": "2016-11-17T17:57:04.285Z",
                    "updatedAt": "2016-11-17T17:57:04.285Z"
                },
                {
                    "id": "pcmcat248700050021",
                    "name": "Housewares",
                    "createdAt": "2016-11-17T17:57:05.399Z",
                    "updatedAt": "2016-11-17T17:57:05.399Z"
                },
                {
                    "id": "pcmcat303600050001",
                    "name": "Household Batteries",
                    "createdAt": "2016-11-17T17:57:04.285Z",
                    "updatedAt": "2016-11-17T17:57:04.285Z"
                },
                {
                    "id": "pcmcat312300050015",
                    "name": "Connected Home & Housewares",
                    "createdAt": "2016-11-17T17:57:04.285Z",
                    "updatedAt": "2016-11-17T17:57:04.285Z"
                }
            ]
        },
        {
            "id": 185230,
            "name": "Duracell - C Batteries (4-Pack)",
            "type": "HardGood",
            "price": 8.99,
            "upc": "041333440019",
            "shipping": 0,
            "description": "Compatible with select electronic devices; C size; DURALOCK Power Preserve technology; 4-pack",
            "manufacturer": "Duracell",
            "model": "MN1400R4Z",
            "url": "http://www.bestbuy.com/site/duracell-c-batteries-4-pack/185230.p?id=1051384046486&skuId=185230&cmp=RMXCC",
            "image": "http://img.bbystatic.com/BestBuy_US/images/products/1852/185230_sa.jpg",
            "createdAt": "2016-11-17T17:58:03.298Z",
            "updatedAt": "2016-11-17T17:58:03.298Z",
            "categories": [
                {
                    "id": "abcat0208002",
                    "name": "Alkaline Batteries",
                    "createdAt": "2016-11-17T17:57:04.285Z",
                    "updatedAt": "2016-11-17T17:57:04.285Z"
                },
                {
                    "id": "pcmcat248700050021",
                    "name": "Housewares",
                    "createdAt": "2016-11-17T17:57:05.399Z",
                    "updatedAt": "2016-11-17T17:57:05.399Z"
                },
                {
                    "id": "pcmcat303600050001",
                    "name": "Household Batteries",
                    "createdAt": "2016-11-17T17:57:04.285Z",
                    "updatedAt": "2016-11-17T17:57:04.285Z"
                },
                {
                    "id": "pcmcat312300050015",
                    "name": "Connected Home & Housewares",
                    "createdAt": "2016-11-17T17:57:04.285Z",
                    "updatedAt": "2016-11-17T17:57:04.285Z"
                }
            ]
        },
        {
            "id": 185267,
            "name": "Duracell - D Batteries (4-Pack)",
            "type": "HardGood",
            "price": 9.99,
            "upc": "041333430010",
            "shipping": 0,
            "description": "Compatible with select electronic devices; D size; DURALOCK Power Preserve technology; 4-pack",
            "manufacturer": "Duracell",
            "model": "MN1300R4Z",
            "url": "http://www.bestbuy.com/site/duracell-d-batteries-4-pack/185267.p?id=1051384046551&skuId=185267&cmp=RMXCC",
            "image": "http://img.bbystatic.com/BestBuy_US/images/products/1852/185267_sa.jpg",
            "createdAt": "2016-11-17T17:58:03.298Z",
            "updatedAt": "2016-11-17T17:58:03.298Z",
            "categories": [
                {
                    "id": "abcat0208002",
                    "name": "Alkaline Batteries",
                    "createdAt": "2016-11-17T17:57:04.285Z",
                    "updatedAt": "2016-11-17T17:57:04.285Z"
                },
                {
                    "id": "pcmcat248700050021",
                    "name": "Housewares",
                    "createdAt": "2016-11-17T17:57:05.399Z",
                    "updatedAt": "2016-11-17T17:57:05.399Z"
                },
                {
                    "id": "pcmcat303600050001",
                    "name": "Household Batteries",
                    "createdAt": "2016-11-17T17:57:04.285Z",
                    "updatedAt": "2016-11-17T17:57:04.285Z"
                },
                {
                    "id": "pcmcat312300050015",
                    "name": "Connected Home & Housewares",
                    "createdAt": "2016-11-17T17:57:04.285Z",
                    "updatedAt": "2016-11-17T17:57:04.285Z"
                }
            ]
        },
        {
            "id": 309062,
            "name": "Pioneer - 4\" 3-Way Surface-Mount Speakers with IMPP Composite Cones (Pair) - Black",
            "type": "HardGood",
            "price": 144.99,
            "upc": "012562165141",
            "shipping": 0,
            "description": "80W maximum power (20W RMS); 4\" IMPP composite cone woofer; 3/4\" horn tweeter",
            "manufacturer": "Pioneer",
            "model": "TS-X200",
            "url": "http://www.bestbuy.com/site/pioneer-4-3-way-surface-mount-speakers-with-impp-composite-cones-pair-black/309062.p?id=1218643240258&skuId=309062&cmp=RMXCC",
            "image": "http://img.bbystatic.com/BestBuy_US/images/products/0309/0309062_sa.jpg",
            "createdAt": "2016-11-17T17:58:03.298Z",
            "updatedAt": "2016-11-17T17:58:03.298Z",
            "categories": [
                {
                    "id": "abcat0300000",
                    "name": "Car Electronics & GPS",
                    "createdAt": "2016-11-17T17:57:04.285Z",
                    "updatedAt": "2016-11-17T17:57:04.285Z"
                },
                {
                    "id": "abcat0302000",
                    "name": "Car Audio",
                    "createdAt": "2016-11-17T17:57:04.285Z",
                    "updatedAt": "2016-11-17T17:57:04.285Z"
                },
                {
                    "id": "abcat0302005",
                    "name": "Car Speakers",
                    "createdAt": "2016-11-17T17:57:04.285Z",
                    "updatedAt": "2016-11-17T17:57:04.285Z"
                },
                {
                    "id": "pcmcat360500050015",
                    "name": "4\" Car Speakers",
                    "createdAt": "2016-11-17T17:57:04.643Z",
                    "updatedAt": "2016-11-17T17:57:04.643Z"
                }
            ]
        },
        {
            "id": 312290,
            "name": "Duracell - 9V Batteries (2-Pack)",
            "type": "HardGood",
            "price": 7.99,
            "upc": "041333216010",
            "shipping": 0,
            "description": "Compatible with select electronic devices; alkaline chemistry; 9V size; DURALOCK Power Preserve technology; 2-pack",
            "manufacturer": "Duracell",
            "model": "MN1604B2Z",
            "url": "http://www.bestbuy.com/site/duracell-9v-batteries-2-pack/312290.p?id=1051384050321&skuId=312290&cmp=RMXCC",
            "image": "http://img.bbystatic.com/BestBuy_US/images/products/3122/312290_sa.jpg",
            "createdAt": "2016-11-17T17:58:03.298Z",
            "updatedAt": "2016-11-17T17:58:03.298Z",
            "categories": [
                {
                    "id": "abcat0208002",
                    "name": "Alkaline Batteries",
                    "createdAt": "2016-11-17T17:57:04.285Z",
                    "updatedAt": "2016-11-17T17:57:04.285Z"
                },
                {
                    "id": "pcmcat248700050021",
                    "name": "Housewares",
                    "createdAt": "2016-11-17T17:57:05.399Z",
                    "updatedAt": "2016-11-17T17:57:05.399Z"
                },
                {
                    "id": "pcmcat303600050001",
                    "name": "Household Batteries",
                    "createdAt": "2016-11-17T17:57:04.285Z",
                    "updatedAt": "2016-11-17T17:57:04.285Z"
                },
                {
                    "id": "pcmcat312300050015",
                    "name": "Connected Home & Housewares",
                    "createdAt": "2016-11-17T17:57:04.285Z",
                    "updatedAt": "2016-11-17T17:57:04.285Z"
                }
            ]
        },
        {
            "id": 333179,
            "name": "Energizer - N Cell E90 Batteries (2-Pack)",
            "type": "HardGood",
            "price": 5.99,
            "upc": "039800013200",
            "shipping": 0,
            "description": "Alkaline batteries; 1.5V",
            "manufacturer": "Energizer",
            "model": "E90BP-2",
            "url": "http://www.bestbuy.com/site/energizer-n-cell-e90-batteries-2-pack/333179.p?id=1185268509951&skuId=333179&cmp=RMXCC",
            "image": "http://img.bbystatic.com/BestBuy_US/images/products/3331/333179_sa.jpg",
            "createdAt": "2016-11-17T17:58:03.298Z",
            "updatedAt": "2016-11-17T17:58:03.298Z",
            "categories": [
                {
                    "id": "abcat0208006",
                    "name": "Specialty Batteries",
                    "createdAt": "2016-11-17T17:57:04.285Z",
                    "updatedAt": "2016-11-17T17:57:04.285Z"
                },
                {
                    "id": "pcmcat248700050021",
                    "name": "Housewares",
                    "createdAt": "2016-11-17T17:57:05.399Z",
                    "updatedAt": "2016-11-17T17:57:05.399Z"
                },
                {
                    "id": "pcmcat303600050001",
                    "name": "Household Batteries",
                    "createdAt": "2016-11-17T17:57:04.285Z",
                    "updatedAt": "2016-11-17T17:57:04.285Z"
                },
                {
                    "id": "pcmcat312300050015",
                    "name": "Connected Home & Housewares",
                    "createdAt": "2016-11-17T17:57:04.285Z",
                    "updatedAt": "2016-11-17T17:57:04.285Z"
                }
            ]
        },
        {
            "id": 346575,
            "name": "Metra - Radio Installation Dash Kit for Most 1989-2000 Ford, Lincoln & Mercury Vehicles - Black",
            "type": "HardGood",
            "price": 16.99,
            "upc": "086429002757",
            "shipping": 0,
            "description": "From our expanded online assortment; compatible with most 1989-2000 Ford, Lincoln and Mercury vehicles; snap-in TurboKit offers fast installation; spacer/trim ring; rear support bracket",
            "manufacturer": "Metra",
            "model": "99-5512",
            "url": "http://www.bestbuy.com/site/metra-radio-installation-dash-kit-for-most-1989-2000-ford-lincoln-mercury-vehicles-black/346575.p?id=1218118704590&skuId=346575&cmp=RMXCC",
            "image": "http://img.bbystatic.com/BestBuy_US/images/products/3465/346575_rc.jpg",
            "createdAt": "2016-11-17T17:58:03.298Z",
            "updatedAt": "2016-11-17T17:58:03.298Z",
            "categories": [
                {
                    "id": "abcat0300000",
                    "name": "Car Electronics & GPS",
                    "createdAt": "2016-11-17T17:57:04.285Z",
                    "updatedAt": "2016-11-17T17:57:04.285Z"
                },
                {
                    "id": "pcmcat165900050023",
                    "name": "Car Installation Parts & Accessories",
                    "createdAt": "2016-11-17T17:57:05.399Z",
                    "updatedAt": "2016-11-17T17:57:05.399Z"
                },
                {
                    "id": "pcmcat165900050031",
                    "name": "Deck Installation Parts",
                    "createdAt": "2016-11-17T17:57:05.399Z",
                    "updatedAt": "2016-11-17T17:57:05.399Z"
                },
                {
                    "id": "pcmcat165900050033",
                    "name": "Dash Installation Kits",
                    "createdAt": "2016-11-17T17:57:05.399Z",
                    "updatedAt": "2016-11-17T17:57:05.399Z"
                },
                {
                    "id": "pcmcat331600050007",
                    "name": "Car Audio Installation Parts",
                    "createdAt": "2016-11-17T17:57:04.643Z",
                    "updatedAt": "2016-11-17T17:57:04.643Z"
                }
            ]
        }
    ]
}
]]></system-out>
    <system-err><![CDATA[SLF4J: Failed to load class "org.slf4j.impl.StaticLoggerBinder".
SLF4J: Defaulting to no-operation (NOP) logger implementation
SLF4J: See http://www.slf4j.org/codes.html#StaticLoggerBinder for further details.
]]></system-err>
  </testcase>
  <testcase name="testAddProductSuccessfully" classname="apiTest.ProductsAPiTest" time="0.044">
    <system-out><![CDATA[Request Log : 
__________________________________________
Request method:	POST
Request URI:	http://localhost:3030/products
Proxy:			<none>
Request params:	<none>
Query params:	<none>
Form params:	<none>
Path params:	<none>
Headers:		Accept=*/*
				Content-Type=application/json
Cookies:		<none>
Multiparts:		<none>
Body:
{
    "image": "ImageTest",
    "shipping": 456,
    "price": 123,
    "name": "apiTest",
    "upc": "UPCTest",
    "description": "We are Testing",
    "model": "hjk845151",
    "type": "TestType",
    "url": "https://www.google",
    "manufacturer": "manufacturerTest"
}
Response Log :  
__________________________________________
{
    "id": 9999734,
    "image": "ImageTest",
    "shipping": 456,
    "price": 123,
    "name": "apiTest",
    "upc": "UPCTest",
    "description": "We are Testing",
    "model": "hjk845151",
    "type": "TestType",
    "url": "https://www.google",
    "manufacturer": "manufacturerTest",
    "updatedAt": "2022-02-03T04:46:49.655Z",
    "createdAt": "2022-02-03T04:46:49.655Z"
}
]]></system-out>
  </testcase>
  <testcase name="testFindProductByIdSuccessfully" classname="apiTest.ProductsAPiTest" time="0.034">
    <system-out><![CDATA[Request Log : 
__________________________________________
Request method:	GET
Request URI:	http://localhost:3030/products/9999734
Proxy:			<none>
Request params:	<none>
Query params:	<none>
Form params:	<none>
Path params:	<none>
Headers:		Accept=*/*
				Content-Type=application/json
Cookies:		<none>
Multiparts:		<none>
Body:			<none>
Response Log :  
__________________________________________
{
    "id": 9999734,
    "name": "apiTest",
    "type": "TestType",
    "price": 123,
    "upc": "UPCTest",
    "shipping": 456,
    "description": "We are Testing",
    "manufacturer": "manufacturerTest",
    "model": "hjk845151",
    "url": "https://www.google",
    "image": "ImageTest",
    "createdAt": "2022-02-03T04:46:49.655Z",
    "updatedAt": "2022-02-03T04:46:49.655Z",
    "categories": [
        
    ]
}
]]></system-out>
  </testcase>
  <testcase name="testUpdateProductSuccessfully" classname="apiTest.ProductsAPiTest" time="0.034">
    <system-out><![CDATA[Request Log : 
__________________________________________
Request method:	PATCH
Request URI:	http://localhost:3030/products/9999734
Proxy:			<none>
Request params:	<none>
Query params:	<none>
Form params:	<none>
Path params:	<none>
Headers:		Accept=*/*
				Content-Type=application/json
Cookies:		<none>
Multiparts:		<none>
Body:
{
    "name": "Updated Test Name value",
    "type": "Updated type value"
}
Response Log :  
__________________________________________
{
    "id": 9999734,
    "name": "Updated Test Name value",
    "type": "Updated type value",
    "price": 123,
    "upc": "UPCTest",
    "shipping": 456,
    "description": "We are Testing",
    "manufacturer": "manufacturerTest",
    "model": "hjk845151",
    "url": "https://www.google",
    "image": "ImageTest",
    "createdAt": "2022-02-03T04:46:49.655Z",
    "updatedAt": "2022-02-03T04:46:49.841Z"
}
]]></system-out>
  </testcase>
  <testcase name="testDeleteProductSuccessfully" classname="apiTest.ProductsAPiTest" time="0.033">
    <system-out><![CDATA[Request Log : 
__________________________________________
Request method:	DELETE
Request URI:	http://localhost:3030/products/9999734
Proxy:			<none>
Request params:	<none>
Query params:	<none>
Form params:	<none>
Path params:	<none>
Headers:		Accept=*/*
				Content-Type=application/json
Cookies:		<none>
Multiparts:		<none>
Body:			<none>
Response Log :  
__________________________________________
{
    "id": 9999734,
    "name": "Updated Test Name value",
    "type": "Updated type value",
    "price": 123,
    "upc": "UPCTest",
    "shipping": 456,
    "description": "We are Testing",
    "manufacturer": "manufacturerTest",
    "model": "hjk845151",
    "url": "https://www.google",
    "image": "ImageTest",
    "createdAt": "2022-02-03T04:46:49.655Z",
    "updatedAt": "2022-02-03T04:46:49.841Z"
}
]]></system-out>
  </testcase>
  <testcase name="testLimitedProduct" classname="apiTest.ProductsAPiTest" time="0.22">
    <system-out><![CDATA[Request Log : 
__________________________________________
Request method:	GET
Request URI:	http://localhost:3030/products?%24limit=1
Proxy:			<none>
Request params:	<none>
Query params:	$limit=1
Form params:	<none>
Path params:	<none>
Headers:		Accept=*/*
				Content-Type=application/json
Cookies:		<none>
Multiparts:		<none>
Body:			<none>
Response Log :  
__________________________________________
{
    "total": 51970,
    "limit": 1,
    "skip": 0,
    "data": [
        {
            "id": 43900,
            "name": "Duracell - AAA Batteries (4-Pack)",
            "type": "HardGood",
            "price": 5.49,
            "upc": "041333424019",
            "shipping": 0,
            "description": "Compatible with select electronic devices; AAA size; DURALOCK Power Preserve technology; 4-pack",
            "manufacturer": "Duracell",
            "model": "MN2400B4Z",
            "url": "http://www.bestbuy.com/site/duracell-aaa-batteries-4-pack/43900.p?id=1051384074145&skuId=43900&cmp=RMXCC",
            "image": "http://img.bbystatic.com/BestBuy_US/images/products/4390/43900_sa.jpg",
            "createdAt": "2016-11-17T17:58:03.298Z",
            "updatedAt": "2016-11-17T17:58:03.298Z",
            "categories": [
                {
                    "id": "abcat0208002",
                    "name": "Alkaline Batteries",
                    "createdAt": "2016-11-17T17:57:04.285Z",
                    "updatedAt": "2016-11-17T17:57:04.285Z"
                },
                {
                    "id": "pcmcat248700050021",
                    "name": "Housewares",
                    "createdAt": "2016-11-17T17:57:05.399Z",
                    "updatedAt": "2016-11-17T17:57:05.399Z"
                },
                {
                    "id": "pcmcat303600050001",
                    "name": "Household Batteries",
                    "createdAt": "2016-11-17T17:57:04.285Z",
                    "updatedAt": "2016-11-17T17:57:04.285Z"
                },
                {
                    "id": "pcmcat312300050015",
                    "name": "Connected Home & Housewares",
                    "createdAt": "2016-11-17T17:57:04.285Z",
                    "updatedAt": "2016-11-17T17:57:04.285Z"
                }
            ]
        }
    ]
}
]]></system-out>
  </testcase>
  <testcase name="testSkippedProduct" classname="apiTest.ProductsAPiTest" time="0.728">
    <system-out><![CDATA[Request Log : 
__________________________________________
Request method:	GET
Request URI:	http://localhost:3030/products?%24skip=25000
Proxy:			<none>
Request params:	<none>
Query params:	$skip=25000
Form params:	<none>
Path params:	<none>
Headers:		Accept=*/*
				Content-Type=application/json
Cookies:		<none>
Multiparts:		<none>
Body:			<none>
Response Log :  
__________________________________________
{
    "total": 51970,
    "limit": 10,
    "skip": 25000,
    "data": [
        {
            "id": 4997712,
            "name": "LG - 26.8 Cu. Ft. French Door Refrigerator with Thru-the-Door Ice and Water - Black",
            "type": "HardGood",
            "price": 2599.99,
            "upc": "048231784429",
            "shipping": 0,
            "description": "Digital controls; Smart Cooling system; Spill Protector tempered-glass shelves; 2 humidity-controlled crispers; Glide N' Serve drawer; DuraBase solid freezer drawer base",
            "manufacturer": "LG",
            "model": "LFX28968SB",
            "url": "http://www.bestbuy.com/site/lg-26-8-cu-ft-french-door-refrigerator-with-thru-the-door-ice-and-water-black/4997712.p?id=1218595783934&skuId=4997712&cmp=RMXCC",
            "image": "http://img.bbystatic.com/BestBuy_US/images/products/4997/4997712_sa.jpg",
            "createdAt": "2016-11-17T17:58:46.655Z",
            "updatedAt": "2016-11-17T17:58:46.655Z",
            "categories": [
                {
                    "id": "abcat0900000",
                    "name": "Appliances",
                    "createdAt": "2016-11-17T17:57:04.285Z",
                    "updatedAt": "2016-11-17T17:57:04.285Z"
                },
                {
                    "id": "abcat0901000",
                    "name": "Refrigerators",
                    "createdAt": "2016-11-17T17:57:04.285Z",
                    "updatedAt": "2016-11-17T17:57:04.285Z"
                },
                {
                    "id": "pcmcat367400050001",
                    "name": "All Refrigerators",
                    "createdAt": "2016-11-17T17:57:04.643Z",
                    "updatedAt": "2016-11-17T17:57:04.643Z"
                }
            ]
        },
        {
            "id": 4997876,
            "name": "Trademark - 6-Deck Discard Holder with Top",
            "type": "HardGood",
            "price": 36.99,
            "upc": "874959003005",
            "shipping": 0,
            "description": "From our expanded online assortment; holds up to 6 decks; thick acrylic material; rounded edges; top",
            "manufacturer": "Trademark",
            "model": "10-2030RED",
            "url": "http://www.bestbuy.com/site/trademark-6-deck-discard-holder-with-top/4997876.p?id=1218608959089&skuId=4997876CC",
            "image": "http://img.bbystatic.com/BestBuy_US/images/products/4997/4997876_500x500_sa.jpg",
            "createdAt": "2016-11-17T17:58:46.655Z",
            "updatedAt": "2016-11-17T17:58:46.655Z",
            "categories": [
                {
                    "id": "pcmcat252700050006",
                    "name": "Toys, Games & Drones",
                    "createdAt": "2016-11-17T17:57:05.600Z",
                    "updatedAt": "2016-11-17T17:57:05.600Z"
                },
                {
                    "id": "pcmcat254300050006",
                    "name": "Cards, Poker & Casino Games",
                    "createdAt": "2016-11-17T17:57:05.600Z",
                    "updatedAt": "2016-11-17T17:57:05.600Z"
                },
                {
                    "id": "pcmcat274200050008",
                    "name": "Games, Puzzles & Cards",
                    "createdAt": "2016-11-17T17:57:05.600Z",
                    "updatedAt": "2016-11-17T17:57:05.600Z"
                },
                {
                    "id": "pcmcat299300050016",
                    "name": "Casino Games & Machines",
                    "createdAt": "2016-11-17T17:57:04.285Z",
                    "updatedAt": "2016-11-17T17:57:04.285Z"
                }
            ]
        },
        {
            "id": 4997901,
            "name": "GE - 27.8 Cu. Ft. French Door Refrigerator - Slate",
            "type": "HardGood",
            "price": 2799.99,
            "upc": "084691819028",
            "shipping": 0,
            "description": "Electronic controls; full-width drawer, adjustable humidity drawer, split adjustable shelf; freezer: full-width basket; auto defrost; LED interior lighting",
            "manufacturer": "GE",
            "model": "GFE28GMKES",
            "url": "http://www.bestbuy.com/site/ge-27-8-cu-ft-french-door-refrigerator-slate/4997901.p?id=bb4997901&skuId=4997901&cmp=RMXCC",
            "image": "http://img.bbystatic.com/BestBuy_US/images/products/4997/4997901_sa.jpg",
            "createdAt": "2016-11-17T17:58:46.655Z",
            "updatedAt": "2016-11-17T17:58:46.655Z",
            "categories": [
                {
                    "id": "abcat0900000",
                    "name": "Appliances",
                    "createdAt": "2016-11-17T17:57:04.285Z",
                    "updatedAt": "2016-11-17T17:57:04.285Z"
                },
                {
                    "id": "abcat0901000",
                    "name": "Refrigerators",
                    "createdAt": "2016-11-17T17:57:04.285Z",
                    "updatedAt": "2016-11-17T17:57:04.285Z"
                },
                {
                    "id": "abcat0901004",
                    "name": "French Door Refrigerators",
                    "createdAt": "2016-11-17T17:57:04.285Z",
                    "updatedAt": "2016-11-17T17:57:04.285Z"
                }
            ]
        },
        {
            "id": 4997904,
            "name": "GE - 24.8 Cu. Ft. French Door Refrigerator - Slate",
            "type": "HardGood",
            "price": 1599,
            "upc": "084691814160",
            "shipping": 0,
            "description": "Electronic controls; adjustable temperature drawer, humidity controlled drawer, QuickSpace shelf; freezer: full-width drawer; auto defrost; LED interior lighting",
            "manufacturer": "GE",
            "model": "GNE25JMKES",
            "url": "http://www.bestbuy.com/site/ge-24-8-cu-ft-french-door-refrigerator-slate/4997904.p?id=bb4997904&skuId=4997904&cmp=RMXCC",
            "image": "http://img.bbystatic.com/BestBuy_US/images/products/4997/4997904_sa.jpg",
            "createdAt": "2016-11-17T17:58:46.655Z",
            "updatedAt": "2016-11-17T17:58:46.655Z",
            "categories": [
                {
                    "id": "abcat0900000",
                    "name": "Appliances",
                    "createdAt": "2016-11-17T17:57:04.285Z",
                    "updatedAt": "2016-11-17T17:57:04.285Z"
                },
                {
                    "id": "abcat0901000",
                    "name": "Refrigerators",
                    "createdAt": "2016-11-17T17:57:04.285Z",
                    "updatedAt": "2016-11-17T17:57:04.285Z"
                },
                {
                    "id": "pcmcat367400050001",
                    "name": "All Refrigerators",
                    "createdAt": "2016-11-17T17:57:04.643Z",
                    "updatedAt": "2016-11-17T17:57:04.643Z"
                }
            ]
        },
        {
            "id": 4997905,
            "name": "Disney Art Academy - Nintendo 3DS",
            "type": "Game",
            "price": 29.99,
            "upc": "045496743741",
            "shipping": 0,
            "description": "In the Disney Art Academy game, discover your inner artist to capture the stunning visuals of over 80 Disney and Pixar characters.",
            "manufacturer": "Nintendo",
            "model": "CTRPBWDE",
            "url": "http://www.bestbuy.com/site/disney-art-academy-nintendo-3ds/4997905.p?id=bb4997905&skuId=4997905&cmp=RMXCC",
            "image": "http://img.bbystatic.com/BestBuy_US/images/products/4997/4997905_sa.jpg",
            "createdAt": "2016-11-17T17:58:46.655Z",
            "updatedAt": "2016-11-17T17:58:46.655Z",
            "categories": [
                {
                    "id": "abcat0700000",
                    "name": "Video Games",
                    "createdAt": "2016-11-17T17:57:04.285Z",
                    "updatedAt": "2016-11-17T17:57:04.285Z"
                },
                {
                    "id": "pcmcat232900050000",
                    "name": "Nintendo 3DS",
                    "createdAt": "2016-11-17T17:57:05.399Z",
                    "updatedAt": "2016-11-17T17:57:05.399Z"
                },
                {
                    "id": "pcmcat235500050004",
                    "name": "Nintendo 3DS Games",
                    "createdAt": "2016-11-17T17:57:05.399Z",
                    "updatedAt": "2016-11-17T17:57:05.399Z"
                }
            ]
        },
        {
            "id": 4997958,
            "name": "Trademark - 18\" Roulette Wheel",
            "type": "HardGood",
            "price": 139.99,
            "upc": "874959003166",
            "shipping": 0,
            "description": "From our expanded online assortment; lets you play American-style roulette; 0 and 00 slots; thick Bakelite construction; steel linear-bearing design; includes 2 pills",
            "manufacturer": "Trademark",
            "model": "420304",
            "url": "http://www.bestbuy.com/site/trademark-18-roulette-wheel/4997958.p?id=1218608951609&skuId=4997958CC",
            "image": "http://img.bbystatic.com/BestBuy_US/images/products/4997/4997958_500x500_sa.jpg",
            "createdAt": "2016-11-17T17:58:46.655Z",
            "updatedAt": "2016-11-17T17:58:46.655Z",
            "categories": [
                {
                    "id": "pcmcat252700050006",
                    "name": "Toys, Games & Drones",
                    "createdAt": "2016-11-17T17:57:05.600Z",
                    "updatedAt": "2016-11-17T17:57:05.600Z"
                },
                {
                    "id": "pcmcat254300050006",
                    "name": "Cards, Poker & Casino Games",
                    "createdAt": "2016-11-17T17:57:05.600Z",
                    "updatedAt": "2016-11-17T17:57:05.600Z"
                },
                {
                    "id": "pcmcat274200050008",
                    "name": "Games, Puzzles & Cards",
                    "createdAt": "2016-11-17T17:57:05.600Z",
                    "updatedAt": "2016-11-17T17:57:05.600Z"
                },
                {
                    "id": "pcmcat299300050016",
                    "name": "Casino Games & Machines",
                    "createdAt": "2016-11-17T17:57:04.285Z",
                    "updatedAt": "2016-11-17T17:57:04.285Z"
                }
            ]
        },
        {
            "id": 4997967,
            "name": "Trademark Games - High Roller 200-Piece 11.5-Gram Poker Chip Set - Silver",
            "type": "HardGood",
            "price": 59.99,
            "upc": "874959002244",
            "shipping": 0,
            "description": "From our expanded online assortment; composite resin construction; 39mm diameter; Royal Flush and 4 Aces designs; 2 decks of cards; 5 dice; aluminum case",
            "manufacturer": "Trademark Games",
            "model": "10-0500-2002C",
            "url": "http://www.bestbuy.com/site/trademark-games-high-roller-200-piece-11-5-gram-poker-chip-set-silver/4997967.p?id=1218608962377&skuId=4997967CC",
            "image": "http://img.bbystatic.com/BestBuy_US/images/products/4997/4997967_sa.jpg",
            "createdAt": "2016-11-17T17:58:46.655Z",
            "updatedAt": "2016-11-17T17:58:46.655Z",
            "categories": [
                {
                    "id": "pcmcat252700050006",
                    "name": "Toys, Games & Drones",
                    "createdAt": "2016-11-17T17:57:05.600Z",
                    "updatedAt": "2016-11-17T17:57:05.600Z"
                },
                {
                    "id": "pcmcat254300050006",
                    "name": "Cards, Poker & Casino Games",
                    "createdAt": "2016-11-17T17:57:05.600Z",
                    "updatedAt": "2016-11-17T17:57:05.600Z"
                },
                {
                    "id": "pcmcat274200050008",
                    "name": "Games, Puzzles & Cards",
                    "createdAt": "2016-11-17T17:57:05.600Z",
                    "updatedAt": "2016-11-17T17:57:05.600Z"
                },
                {
                    "id": "pcmcat299300050016",
                    "name": "Casino Games & Machines",
                    "createdAt": "2016-11-17T17:57:04.285Z",
                    "updatedAt": "2016-11-17T17:57:04.285Z"
                }
            ]
        },
        {
            "id": 4998000,
            "name": "iBUYPOWER - Desktop - Intel Core i5 - 8GB Memory - NVIDIA GeForce GTX 950 - 120GB Solid State Drive + 1TB Hard Drive - Black White",
            "type": "HardGood",
            "price": 899.99,
            "upc": "848604019635",
            "shipping": 0,
            "description": "Windows 10 Home 64-bitNVIDIA GeForce GTX 950 2GB dedicated graphicsTechnical details: 6th Gen Intel&#174; Core&#8482; i5 processor; 8GB memory; 120GB solid state drive; 1TB hard driveSpecial features: liquid cooling; Bluetooth; one HDMI output; keyboard and mouse",
            "manufacturer": "iBUYPOWER",
            "model": "BB727",
            "url": "http://www.bestbuy.com/site/ibuypower-desktop-intel-core-i5-8gb-memory-nvidia-geforce-gtx-950-120gb-solid-state-drive-1tb-hard-drive-black-white/4998000.p?id=bb4998000&skuId=4998000&cmp=RMXCC",
            "image": "http://img.bbystatic.com/BestBuy_US/images/products/4998/4998000_sa.jpg",
            "createdAt": "2016-11-17T17:58:46.655Z",
            "updatedAt": "2016-11-17T17:58:46.655Z",
            "categories": [
                {
                    "id": "abcat0500000",
                    "name": "Computers & Tablets",
                    "createdAt": "2016-11-17T17:57:04.285Z",
                    "updatedAt": "2016-11-17T17:57:04.285Z"
                },
                {
                    "id": "abcat0501000",
                    "name": "Desktop & All-in-One Computers",
                    "createdAt": "2016-11-17T17:57:04.285Z",
                    "updatedAt": "2016-11-17T17:57:04.285Z"
                },
                {
                    "id": "pcmcat143400050013",
                    "name": "All Desktops",
                    "createdAt": "2016-11-17T17:57:04.643Z",
                    "updatedAt": "2016-11-17T17:57:04.643Z"
                }
            ]
        },
        {
            "id": 4998001,
            "name": "Top Trumps: NBA All Stars — PRE-OWNED - Nintendo 3DS",
            "type": "Game",
            "price": 9.99,
            "upc": "799007826798",
            "shipping": 0,
            "description": "Choose a team and build it into a champion",
            "manufacturer": "Conspiracy Entertainment",
            "model": "PREOWNED",
            "url": "http://www.bestbuy.com/site/top-trumps-nba-all-stars-pre-owned-nintendo-3ds/4998001.p?id=1218595773658&skuId=4998001&cmp=RMXCC",
            "image": "http://img.bbystatic.com/BestBuy_US/images/products/4998/4998001.jpg",
            "createdAt": "2016-11-17T17:58:46.655Z",
            "updatedAt": "2016-11-17T17:58:46.655Z",
            "categories": [
                {
                    "id": "abcat0700000",
                    "name": "Video Games",
                    "createdAt": "2016-11-17T17:57:04.285Z",
                    "updatedAt": "2016-11-17T17:57:04.285Z"
                },
                {
                    "id": "pcmcat232900050017",
                    "name": "Pre-Owned Games",
                    "createdAt": "2016-11-17T17:57:05.399Z",
                    "updatedAt": "2016-11-17T17:57:05.399Z"
                }
            ]
        },
        {
            "id": 4998002,
            "name": "Pokémon Rumble World - Nintendo 3DS",
            "type": "Game",
            "price": 29.99,
            "upc": "045496743765",
            "shipping": 0,
            "description": "Discover a wonderful world of Toy Pok&#233;mon",
            "manufacturer": "Nintendo",
            "model": "CTRPECFE",
            "url": "http://www.bestbuy.com/site/pokemon-rumble-world-nintendo-3ds/4998002.p?id=bb4998002&skuId=4998002&cmp=RMXCC",
            "image": "http://img.bbystatic.com/BestBuy_US/images/products/4998/4998002_sa.jpg",
            "createdAt": "2016-11-17T17:58:46.655Z",
            "updatedAt": "2016-11-17T17:58:46.655Z",
            "categories": [
                {
                    "id": "abcat0700000",
                    "name": "Video Games",
                    "createdAt": "2016-11-17T17:57:04.285Z",
                    "updatedAt": "2016-11-17T17:57:04.285Z"
                },
                {
                    "id": "pcmcat232900050000",
                    "name": "Nintendo 3DS",
                    "createdAt": "2016-11-17T17:57:05.399Z",
                    "updatedAt": "2016-11-17T17:57:05.399Z"
                },
                {
                    "id": "pcmcat235500050004",
                    "name": "Nintendo 3DS Games",
                    "createdAt": "2016-11-17T17:57:05.399Z",
                    "updatedAt": "2016-11-17T17:57:05.399Z"
                }
            ]
        }
    ]
}
]]></system-out>
  </testcase>
  <testcase name="TestSortProductByHighestPrice" classname="apiTest.ProductsAPiTest" time="0.756">
    <system-out><![CDATA[Request Log : 
__________________________________________
Request method:	GET
Request URI:	http://localhost:3030/products?%24sort%5Bprice%5D=-1
Proxy:			<none>
Request params:	<none>
Query params:	$sort[price]=-1
Form params:	<none>
Path params:	<none>
Headers:		Accept=*/*
				Content-Type=application/json
Cookies:		<none>
Multiparts:		<none>
Body:			<none>
Response Log :  
__________________________________________
{
    "total": 51970,
    "limit": 10,
    "skip": 0,
    "data": [
        {
            "id": 3041141,
            "name": "Sony - ES SXRD 3D-Ready 4K Home Theater Projector - Black",
            "type": "HardGood",
            "price": 27999.98,
            "upc": "027242873193",
            "shipping": 0,
            "description": "4K (4096 x 2160) resolution2000 lumens brightness16:9 aspect ratio",
            "manufacturer": "Sony",
            "model": "VPLVW1100ES",
            "url": "http://www.bestbuy.com/site/sony-es-sxrd-3d-ready-4k-home-theater-projector-black/3041141.p?id=1219086346401&skuId=3041141&cmp=RMXCC",
            "image": "http://img.bbystatic.com/BestBuy_US/images/products/3041/3041141_sa.jpg",
            "createdAt": "2016-11-17T18:02:21.601Z",
            "updatedAt": "2016-11-17T18:02:21.601Z",
            "categories": [
                {
                    "id": "abcat0100000",
                    "name": "TV & Home Theater",
                    "createdAt": "2016-11-17T17:57:04.285Z",
                    "updatedAt": "2016-11-17T17:57:04.285Z"
                },
                {
                    "id": "pcmcat158900050008",
                    "name": "Projectors & Screens",
                    "createdAt": "2016-11-17T17:57:04.899Z",
                    "updatedAt": "2016-11-17T17:57:04.899Z"
                },
                {
                    "id": "pcmcat158900050018",
                    "name": "Projectors",
                    "createdAt": "2016-11-17T17:57:04.899Z",
                    "updatedAt": "2016-11-17T17:57:04.899Z"
                }
            ]
        },
        {
            "id": 1790046,
            "name": "Nikon - AF-S NIKKOR 800mm f/5.6E FL ED VR Super-Telephoto Lens for Select Nikon Cameras - Black",
            "type": "HardGood",
            "price": 16299.99,
            "upc": "018208022052",
            "shipping": 0,
            "description": "Compatible with select Nikon cameras; VR (Vibration Reduction) image stabilization; ED (Extra-Low Dispersion) glass; SWM (Silent Wave Motor); 1.25x teleconverter",
            "manufacturer": "Nikon",
            "model": "2205",
            "url": "http://www.bestbuy.com/site/nikon-af-s-nikkor-800mm-f-5-6e-fl-ed-vr-super-telephoto-lens-for-select-nikon-cameras-black/1790046.p?id=1219064724072&skuId=1790046&cmp=RMXCC",
            "image": "http://img.bbystatic.com/BestBuy_US/images/products/1790/1790046_sa.jpg",
            "createdAt": "2016-11-17T18:00:01.751Z",
            "updatedAt": "2016-11-17T18:00:01.751Z",
            "categories": [
                {
                    "id": "abcat0400000",
                    "name": "Cameras & Camcorders",
                    "createdAt": "2016-11-17T17:57:04.285Z",
                    "updatedAt": "2016-11-17T17:57:04.285Z"
                },
                {
                    "id": "abcat0410000",
                    "name": "Digital Camera Accessories",
                    "createdAt": "2016-11-17T17:57:04.285Z",
                    "updatedAt": "2016-11-17T17:57:04.285Z"
                },
                {
                    "id": "abcat0410018",
                    "name": "Camera Lenses",
                    "createdAt": "2016-11-17T17:57:04.285Z",
                    "updatedAt": "2016-11-17T17:57:04.285Z"
                },
                {
                    "id": "pcmcat195200050001",
                    "name": "Prime Lenses",
                    "createdAt": "2016-11-17T17:57:05.399Z",
                    "updatedAt": "2016-11-17T17:57:05.399Z"
                },
                {
                    "id": "pcmcat233000050008",
                    "name": "DSLR Lenses",
                    "createdAt": "2016-11-17T17:57:05.399Z",
                    "updatedAt": "2016-11-17T17:57:05.399Z"
                }
            ]
        },
        {
            "id": 4621000,
            "name": "Sony - ES 4K SXRD Projector - Black",
            "type": "HardGood",
            "price": 14999.98,
            "upc": "027242892095",
            "shipping": 0,
            "description": "4K Ultra HD resolution16:9 aspect ratio",
            "manufacturer": "Sony",
            "model": "VPLVW665ES",
            "url": "http://www.bestbuy.com/site/sony-es-4k-sxrd-projector-black/4621000.p?id=1219780138505&skuId=4621000&cmp=RMXCC",
            "image": "http://img.bbystatic.com/BestBuy_US/images/products/4621/4621000_sa.jpg",
            "createdAt": "2016-11-17T18:01:33.383Z",
            "updatedAt": "2016-11-17T18:01:33.383Z",
            "categories": [
                {
                    "id": "abcat0100000",
                    "name": "TV & Home Theater",
                    "createdAt": "2016-11-17T17:57:04.285Z",
                    "updatedAt": "2016-11-17T17:57:04.285Z"
                },
                {
                    "id": "pcmcat158900050008",
                    "name": "Projectors & Screens",
                    "createdAt": "2016-11-17T17:57:04.899Z",
                    "updatedAt": "2016-11-17T17:57:04.899Z"
                },
                {
                    "id": "pcmcat158900050018",
                    "name": "Projectors",
                    "createdAt": "2016-11-17T17:57:04.899Z",
                    "updatedAt": "2016-11-17T17:57:04.899Z"
                }
            ]
        },
        {
            "id": 8794897,
            "name": "Canon - EF 800mm f/5.6L IS USM Super-Telephoto Lens for Canon EOS Cameras - White",
            "type": "HardGood",
            "price": 12999.99,
            "upc": "013803092738",
            "shipping": 0,
            "description": "Compatible with Canon EOS cameras; image stabilization; USM (Ultrasonic Motor); 800mm focal length; 0.14x maximum magnification; f/32 minimum and f/5.6 maximum aperture",
            "manufacturer": "Canon",
            "model": "2746B002",
            "url": "http://www.bestbuy.com/site/canon-ef-800mm-f-5-6l-is-usm-super-telephoto-lens-for-canon-eos-cameras-white/8794897.p?id=1205537954826&skuId=8794897&cmp=RMXCC",
            "image": "http://img.bbystatic.com/BestBuy_US/images/products/8794/8794897_rc.jpg",
            "createdAt": "2016-11-17T18:00:31.886Z",
            "updatedAt": "2016-11-17T18:00:31.886Z",
            "categories": [
                {
                    "id": "abcat0400000",
                    "name": "Cameras & Camcorders",
                    "createdAt": "2016-11-17T17:57:04.285Z",
                    "updatedAt": "2016-11-17T17:57:04.285Z"
                },
                {
                    "id": "abcat0410000",
                    "name": "Digital Camera Accessories",
                    "createdAt": "2016-11-17T17:57:04.285Z",
                    "updatedAt": "2016-11-17T17:57:04.285Z"
                },
                {
                    "id": "abcat0410018",
                    "name": "Camera Lenses",
                    "createdAt": "2016-11-17T17:57:04.285Z",
                    "updatedAt": "2016-11-17T17:57:04.285Z"
                },
                {
                    "id": "pcmcat195200050001",
                    "name": "Prime Lenses",
                    "createdAt": "2016-11-17T17:57:05.399Z",
                    "updatedAt": "2016-11-17T17:57:05.399Z"
                },
                {
                    "id": "pcmcat233000050008",
                    "name": "DSLR Lenses",
                    "createdAt": "2016-11-17T17:57:05.399Z",
                    "updatedAt": "2016-11-17T17:57:05.399Z"
                }
            ]
        },
        {
            "id": 4262200,
            "name": "Nikon - Nikkor AF-S 600mm f/4.0 E FL ED VR Optical Telephoto Lens for Nikon F - Black",
            "type": "HardGood",
            "price": 12299.99,
            "upc": "018208200542",
            "shipping": 0,
            "description": "Compatible with 35mm SLRs and digital SLRs; optical image stabilization; tele; internal focusing system, full-time manual focusing, ED glass; 40.5mm filter size; 14.4' minimum focus distance; up to 0.14x magnification",
            "manufacturer": "Nikon",
            "model": "20054",
            "url": "http://www.bestbuy.com/site/nikon-nikkor-af-s-600mm-f-4-0-e-fl-ed-vr-optical-telephoto-lens-for-nikon-f-black/4262200.p?id=1219732458980&skuId=4262200&cmp=RMXCC",
            "image": "http://img.bbystatic.com/BestBuy_US/images/products/4262/4262200_sa.jpg",
            "createdAt": "2016-11-17T18:01:06.648Z",
            "updatedAt": "2016-11-17T18:01:06.648Z",
            "categories": [
                {
                    "id": "abcat0400000",
                    "name": "Cameras & Camcorders",
                    "createdAt": "2016-11-17T17:57:04.285Z",
                    "updatedAt": "2016-11-17T17:57:04.285Z"
                },
                {
                    "id": "abcat0410000",
                    "name": "Digital Camera Accessories",
                    "createdAt": "2016-11-17T17:57:04.285Z",
                    "updatedAt": "2016-11-17T17:57:04.285Z"
                },
                {
                    "id": "abcat0410018",
                    "name": "Camera Lenses",
                    "createdAt": "2016-11-17T17:57:04.285Z",
                    "updatedAt": "2016-11-17T17:57:04.285Z"
                },
                {
                    "id": "pcmcat196500050012",
                    "name": "Long-Range Zoom Lenses",
                    "createdAt": "2016-11-17T17:57:05.399Z",
                    "updatedAt": "2016-11-17T17:57:05.399Z"
                },
                {
                    "id": "pcmcat233000050008",
                    "name": "DSLR Lenses",
                    "createdAt": "2016-11-17T17:57:05.399Z",
                    "updatedAt": "2016-11-17T17:57:05.399Z"
                }
            ]
        },
        {
            "id": 8437043,
            "name": "Key Digital - Champion Series 16 x 16 HDMI Matrix Switcher - Black",
            "type": "HardGood",
            "price": 11999.98,
            "upc": "819505001708",
            "shipping": 0,
            "description": "KEY DIGITAL Champion Series 16 x 16 HDMI Matrix Switcher: Compatible with most HDMI sources; 1080p maximum resolution; supports Dolby TrueHD, Dolby Digital Plus and DTS-HD Master Audio; 3D-ready",
            "manufacturer": "Key Digital",
            "model": "KD-16X16CS",
            "url": "http://www.bestbuy.com/site/key-digital-champion-series-16-x-16-hdmi-matrix-switcher-black/8437043.p?id=1219691713155&skuId=8437043&cmp=RMXCC",
            "image": "http://img.bbystatic.com/BestBuy_US/images/products/8437/8437043_sa.jpg",
            "createdAt": "2016-11-17T18:01:44.806Z",
            "updatedAt": "2016-11-17T18:01:44.806Z",
            "categories": [
                {
                    "id": "abcat0100000",
                    "name": "TV & Home Theater",
                    "createdAt": "2016-11-17T17:57:04.285Z",
                    "updatedAt": "2016-11-17T17:57:04.285Z"
                },
                {
                    "id": "abcat0107000",
                    "name": "TV & Home Theater Accessories",
                    "createdAt": "2016-11-17T17:57:04.285Z",
                    "updatedAt": "2016-11-17T17:57:04.285Z"
                },
                {
                    "id": "abcat0107015",
                    "name": "A/V Cables & Connectors",
                    "createdAt": "2016-11-17T17:57:04.285Z",
                    "updatedAt": "2016-11-17T17:57:04.285Z"
                },
                {
                    "id": "pcmcat175600050016",
                    "name": "A/V Switchers",
                    "createdAt": "2016-11-17T17:57:05.399Z",
                    "updatedAt": "2016-11-17T17:57:05.399Z"
                }
            ]
        },
        {
            "id": 1688841,
            "name": "Canon - EF 600mm f/4L IS II USM Super Telephoto Lens for Most Canon EOS SLR Cameras - White",
            "type": "HardGood",
            "price": 11499.99,
            "upc": "013803134148",
            "shipping": 0,
            "description": "Compatible with most Canon EOS SLR cameras; 3 image stabilization modes; inner focusing system; 52mm filter size; 14.8' minimum focus distance",
            "manufacturer": "Canon",
            "model": "5125B002",
            "url": "http://www.bestbuy.com/site/canon-ef-600mm-f-4l-is-ii-usm-super-telephoto-lens-for-most-canon-eos-slr-cameras-white/1688841.p?id=1219060409045&skuId=1688841&cmp=RMXCC",
            "image": "http://img.bbystatic.com/BestBuy_US/images/products/1688/1688841_rc.jpg",
            "createdAt": "2016-11-17T17:58:03.298Z",
            "updatedAt": "2016-11-17T17:58:03.298Z",
            "categories": [
                {
                    "id": "abcat0400000",
                    "name": "Cameras & Camcorders",
                    "createdAt": "2016-11-17T17:57:04.285Z",
                    "updatedAt": "2016-11-17T17:57:04.285Z"
                },
                {
                    "id": "abcat0410000",
                    "name": "Digital Camera Accessories",
                    "createdAt": "2016-11-17T17:57:04.285Z",
                    "updatedAt": "2016-11-17T17:57:04.285Z"
                },
                {
                    "id": "abcat0410018",
                    "name": "Camera Lenses",
                    "createdAt": "2016-11-17T17:57:04.285Z",
                    "updatedAt": "2016-11-17T17:57:04.285Z"
                },
                {
                    "id": "pcmcat195200050001",
                    "name": "Prime Lenses",
                    "createdAt": "2016-11-17T17:57:05.399Z",
                    "updatedAt": "2016-11-17T17:57:05.399Z"
                },
                {
                    "id": "pcmcat233000050008",
                    "name": "DSLR Lenses",
                    "createdAt": "2016-11-17T17:57:05.399Z",
                    "updatedAt": "2016-11-17T17:57:05.399Z"
                }
            ]
        },
        {
            "id": 9324006,
            "name": "Nikon - AF-S NIKKOR 400mm f/2.8E FL ED VR Lens for Select Nikon DSLR Cameras",
            "type": "HardGood",
            "price": 11199.99,
            "upc": "018208022175",
            "shipping": 0,
            "description": "Compatible with most Nikon DSLR cameras with an F-Bayonet mount; lightweight design; image stabilization; ED glass; fluorite lens element; IF lens; nano crystal coat; silent wave motor",
            "manufacturer": "Nikon",
            "model": "2217",
            "url": "http://www.bestbuy.com/site/nikon-af-s-nikkor-400mm-f-2-8e-fl-ed-vr-lens-for-select-nikon-dslr-cameras/9324006.p?id=1219405808498&skuId=9324006&cmp=RMXCC",
            "image": "http://img.bbystatic.com/BestBuy_US/images/products/9324/9324006_sa.jpg",
            "createdAt": "2016-11-17T17:58:46.655Z",
            "updatedAt": "2016-11-17T17:58:46.655Z",
            "categories": [
                {
                    "id": "abcat0400000",
                    "name": "Cameras & Camcorders",
                    "createdAt": "2016-11-17T17:57:04.285Z",
                    "updatedAt": "2016-11-17T17:57:04.285Z"
                },
                {
                    "id": "abcat0410000",
                    "name": "Digital Camera Accessories",
                    "createdAt": "2016-11-17T17:57:04.285Z",
                    "updatedAt": "2016-11-17T17:57:04.285Z"
                },
                {
                    "id": "abcat0410018",
                    "name": "Camera Lenses",
                    "createdAt": "2016-11-17T17:57:04.285Z",
                    "updatedAt": "2016-11-17T17:57:04.285Z"
                },
                {
                    "id": "pcmcat195200050001",
                    "name": "Prime Lenses",
                    "createdAt": "2016-11-17T17:57:05.399Z",
                    "updatedAt": "2016-11-17T17:57:05.399Z"
                },
                {
                    "id": "pcmcat233000050008",
                    "name": "DSLR Lenses",
                    "createdAt": "2016-11-17T17:57:05.399Z",
                    "updatedAt": "2016-11-17T17:57:05.399Z"
                }
            ]
        },
        {
            "id": 1757296,
            "name": "Canon - EF 200-400mm f/4L IS USM Super Telephoto Lens for Most Canon EOS SLR Cameras - White",
            "type": "HardGood",
            "price": 10999.99,
            "upc": "013803134179",
            "shipping": 0,
            "description": "Compatible with most Canon EOS SLR cameras; built-in 1.4x extender; 3 image stabilization modes; 52mm filter size; 6.6' minimum focus distance",
            "manufacturer": "Canon",
            "model": "5176B002",
            "url": "http://www.bestbuy.com/site/canon-ef-200-400mm-f-4l-is-usm-super-telephoto-lens-for-most-canon-eos-slr-cameras-white/1757296.p?id=1219062656772&skuId=1757296&cmp=RMXCC",
            "image": "http://img.bbystatic.com/BestBuy_US/images/products/1757/1757296_sa.jpg",
            "createdAt": "2016-11-17T17:59:24.820Z",
            "updatedAt": "2016-11-17T17:59:24.820Z",
            "categories": [
                {
                    "id": "abcat0400000",
                    "name": "Cameras & Camcorders",
                    "createdAt": "2016-11-17T17:57:04.285Z",
                    "updatedAt": "2016-11-17T17:57:04.285Z"
                },
                {
                    "id": "abcat0410000",
                    "name": "Digital Camera Accessories",
                    "createdAt": "2016-11-17T17:57:04.285Z",
                    "updatedAt": "2016-11-17T17:57:04.285Z"
                },
                {
                    "id": "abcat0410018",
                    "name": "Camera Lenses",
                    "createdAt": "2016-11-17T17:57:04.285Z",
                    "updatedAt": "2016-11-17T17:57:04.285Z"
                },
                {
                    "id": "pcmcat196500050012",
                    "name": "Long-Range Zoom Lenses",
                    "createdAt": "2016-11-17T17:57:05.399Z",
                    "updatedAt": "2016-11-17T17:57:05.399Z"
                },
                {
                    "id": "pcmcat233000050008",
                    "name": "DSLR Lenses",
                    "createdAt": "2016-11-17T17:57:05.399Z",
                    "updatedAt": "2016-11-17T17:57:05.399Z"
                }
            ]
        },
        {
            "id": 4262000,
            "name": "Nikon - AF-S NIKKOR 500mm f/4E FL ED VR Super Telephoto Lens - Black",
            "type": "HardGood",
            "price": 10299.99,
            "upc": "018208200535",
            "shipping": 0,
            "description": "Compatible with Nikon cameras with an F-mount; 4-stop VR image stabilization; Nano Crystal Coat; 40.5mm filter size; 11.9' minimum focus distance",
            "manufacturer": "Nikon",
            "model": "20053",
            "url": "http://www.bestbuy.com/site/nikon-af-s-nikkor-500mm-f-4e-fl-ed-vr-super-telephoto-lens-black/4262000.p?id=1219732457043&skuId=4262000&cmp=RMXCC",
            "image": "http://img.bbystatic.com/BestBuy_US/images/products/4262/4262000_sa.jpg",
            "createdAt": "2016-11-17T18:01:06.648Z",
            "updatedAt": "2016-11-17T18:01:06.648Z",
            "categories": [
                {
                    "id": "abcat0400000",
                    "name": "Cameras & Camcorders",
                    "createdAt": "2016-11-17T17:57:04.285Z",
                    "updatedAt": "2016-11-17T17:57:04.285Z"
                },
                {
                    "id": "abcat0410000",
                    "name": "Digital Camera Accessories",
                    "createdAt": "2016-11-17T17:57:04.285Z",
                    "updatedAt": "2016-11-17T17:57:04.285Z"
                },
                {
                    "id": "abcat0410018",
                    "name": "Camera Lenses",
                    "createdAt": "2016-11-17T17:57:04.285Z",
                    "updatedAt": "2016-11-17T17:57:04.285Z"
                },
                {
                    "id": "pcmcat195200050001",
                    "name": "Prime Lenses",
                    "createdAt": "2016-11-17T17:57:05.399Z",
                    "updatedAt": "2016-11-17T17:57:05.399Z"
                },
                {
                    "id": "pcmcat233000050008",
                    "name": "DSLR Lenses",
                    "createdAt": "2016-11-17T17:57:05.399Z",
                    "updatedAt": "2016-11-17T17:57:05.399Z"
                }
            ]
        }
    ]
}
]]></system-out>
  </testcase>
  <testcase name="TestSortProductByLowestPrice" classname="apiTest.ProductsAPiTest" time="0.385">
    <system-out><![CDATA[Request Log : 
__________________________________________
Request method:	GET
Request URI:	http://localhost:3030/products?%24sort%5Bprice%5D=1
Proxy:			<none>
Request params:	<none>
Query params:	$sort[price]=1
Form params:	<none>
Path params:	<none>
Headers:		Accept=*/*
				Content-Type=application/json
Cookies:		<none>
Multiparts:		<none>
Body:			<none>
Response Log :  
__________________________________________
{
    "total": 51970,
    "limit": 10,
    "skip": 0,
    "data": [
        {
            "id": 9999679,
            "name": "string",
            "type": "string",
            "price": 0,
            "upc": "string",
            "shipping": 0,
            "description": "string",
            "manufacturer": "string",
            "model": "string",
            "url": "string",
            "image": "string",
            "createdAt": "2022-01-30T20:43:48.766Z",
            "updatedAt": "2022-01-30T20:43:48.766Z",
            "categories": [
                
            ]
        },
        {
            "id": 9999680,
            "name": "string",
            "type": "string",
            "price": 0,
            "upc": "string",
            "shipping": 0,
            "description": "string",
            "manufacturer": "string",
            "model": "string",
            "url": "string",
            "image": "string",
            "createdAt": "2022-01-31T06:38:38.850Z",
            "updatedAt": "2022-01-31T06:38:38.850Z",
            "categories": [
                
            ]
        },
        {
            "id": 9999681,
            "name": "string",
            "type": "string",
            "price": 0,
            "upc": "string",
            "shipping": 0,
            "description": "string",
            "manufacturer": "string",
            "model": "string",
            "url": "string",
            "image": "string",
            "createdAt": "2022-01-31T06:38:45.741Z",
            "updatedAt": "2022-01-31T06:38:45.741Z",
            "categories": [
                
            ]
        },
        {
            "id": 9999682,
            "name": "string",
            "type": "string",
            "price": 0,
            "upc": "string",
            "shipping": 0,
            "description": "string",
            "manufacturer": "string",
            "model": "string",
            "url": "string",
            "image": "string",
            "createdAt": "2022-01-31T06:38:46.593Z",
            "updatedAt": "2022-01-31T06:38:46.593Z",
            "categories": [
                
            ]
        },
        {
            "id": 3552309,
            "name": "Magnolia Home Theater - Free In-Home Consultation",
            "type": "HardGood",
            "price": 0.01,
            "upc": "400035523091",
            "shipping": 0,
            "description": "A Magnolia Systems Designer or Geek Squad Agent will help you design solutions for home theater, audio, Wi-Fi, connected home and much more.",
            "manufacturer": "Magnolia Home Theater",
            "model": null,
            "url": "http://www.bestbuy.com/site/magnolia-home-theater-free-in-home-consultation/3552309.p?id=1218412707201&skuId=3552309&cmp=RMXCC",
            "image": "http://img.bbystatic.com/BestBuy_US/images/products/3552/3552309_sa.jpg",
            "createdAt": "2016-11-17T18:00:31.886Z",
            "updatedAt": "2016-11-17T18:00:31.886Z",
            "categories": [
                {
                    "id": "pcmcat138100050018",
                    "name": "Geek Squad",
                    "createdAt": "2016-11-17T17:57:04.643Z",
                    "updatedAt": "2016-11-17T17:57:04.643Z"
                },
                {
                    "id": "pcmcat138100050024",
                    "name": "TV & Home Theater Services",
                    "createdAt": "2016-11-17T17:57:04.643Z",
                    "updatedAt": "2016-11-17T17:57:04.643Z"
                }
            ]
        },
        {
            "id": 1339042,
            "name": "Rock Band Metal Track Pack - PRE-OWNED - PlayStation 2",
            "type": "Game",
            "price": 0.99,
            "upc": "799007761471",
            "shipping": 0,
            "description": "Enjoy head-banging fun to an incredible metal soundtrack",
            "manufacturer": "MTV Games",
            "model": null,
            "url": "http://www.bestbuy.com/site/rock-band-metal-track-pack-pre-owned-playstation-2/1339042.p?id=1218251725855&skuId=1339042&cmp=RMXCC",
            "image": "http://img.bbystatic.com/BestBuy_US/images/products/1339/1339042_sa.jpg",
            "createdAt": "2016-11-17T17:58:03.298Z",
            "updatedAt": "2016-11-17T17:58:03.298Z",
            "categories": [
                {
                    "id": "abcat0700000",
                    "name": "Video Games",
                    "createdAt": "2016-11-17T17:57:04.285Z",
                    "updatedAt": "2016-11-17T17:57:04.285Z"
                },
                {
                    "id": "pcmcat232900050017",
                    "name": "Pre-Owned Games",
                    "createdAt": "2016-11-17T17:57:05.399Z",
                    "updatedAt": "2016-11-17T17:57:05.399Z"
                }
            ]
        },
        {
            "id": 1478398,
            "name": "Dragonball: Evolution - PRE-OWNED - PSP",
            "type": "Game",
            "price": 0.99,
            "upc": "799007789161",
            "shipping": 0,
            "description": "Fight your way through the world of the feature film",
            "manufacturer": "Namco Bandai Games",
            "model": null,
            "url": "http://www.bestbuy.com/site/dragonball-evolution-pre-owned-psp/1478398.p?id=1218262461686&skuId=1478398&cmp=RMXCC",
            "image": "http://img.bbystatic.com/BestBuy_US/images/products/1478/1478398_sa.jpg",
            "createdAt": "2016-11-17T18:01:22.276Z",
            "updatedAt": "2016-11-17T18:01:22.276Z",
            "categories": [
                {
                    "id": "abcat0700000",
                    "name": "Video Games",
                    "createdAt": "2016-11-17T17:57:04.285Z",
                    "updatedAt": "2016-11-17T17:57:04.285Z"
                },
                {
                    "id": "pcmcat232900050017",
                    "name": "Pre-Owned Games",
                    "createdAt": "2016-11-17T17:57:05.399Z",
                    "updatedAt": "2016-11-17T17:57:05.399Z"
                }
            ]
        },
        {
            "id": 1525809,
            "name": "Dynex™ - Case for Apple® iPhone® 6 - Green/White",
            "type": "HardGood",
            "price": 0.99,
            "upc": "600603181146",
            "shipping": 0,
            "description": "Only at Best Buy\nCompatible with Apple iPhone 6; TPU material; camera cut-out",
            "manufacturer": "Dynex™",
            "model": "DX-MA642GH",
            "url": "http://www.bestbuy.com/site/dynex-case-for-apple-iphone-6-green-white/1525809.p?id=1219500991300&skuId=1525809&cmp=RMXCC",
            "image": "http://img.bbystatic.com/BestBuy_US/images/products/1525/1525809_sa.jpg",
            "createdAt": "2016-11-17T18:01:44.806Z",
            "updatedAt": "2016-11-17T18:01:44.806Z",
            "categories": [
                {
                    "id": "abcat0800000",
                    "name": "Cell Phones",
                    "createdAt": "2016-11-17T17:57:04.285Z",
                    "updatedAt": "2016-11-17T17:57:04.285Z"
                },
                {
                    "id": "abcat0811002",
                    "name": "Cell Phone Accessories",
                    "createdAt": "2016-11-17T17:57:04.285Z",
                    "updatedAt": "2016-11-17T17:57:04.285Z"
                },
                {
                    "id": "pcmcat191200050015",
                    "name": "iPhone Accessories",
                    "createdAt": "2016-11-17T17:57:05.399Z",
                    "updatedAt": "2016-11-17T17:57:05.399Z"
                },
                {
                    "id": "pcmcat214700050000",
                    "name": "iPhone Cases & Clips",
                    "createdAt": "2016-11-17T17:57:05.399Z",
                    "updatedAt": "2016-11-17T17:57:05.399Z"
                }
            ]
        },
        {
            "id": 1526043,
            "name": "Dynex™ - Case for Apple® iPhone® 6 Plus - Green/White",
            "type": "HardGood",
            "price": 0.99,
            "upc": "600603181221",
            "shipping": 0,
            "description": "Only at Best Buy\nCompatible with Apple iPhone 6 Plus; TPU material; camera cut-out",
            "manufacturer": "Dynex™",
            "model": "DX-MA652GH",
            "url": "http://www.bestbuy.com/site/dynex-case-for-apple-iphone-6-plus-green-white/1526043.p?id=1219500999151&skuId=1526043&cmp=RMXCC",
            "image": "http://img.bbystatic.com/BestBuy_US/images/products/1526/1526043_sa.jpg",
            "createdAt": "2016-11-17T18:01:44.806Z",
            "updatedAt": "2016-11-17T18:01:44.806Z",
            "categories": [
                {
                    "id": "abcat0800000",
                    "name": "Cell Phones",
                    "createdAt": "2016-11-17T17:57:04.285Z",
                    "updatedAt": "2016-11-17T17:57:04.285Z"
                },
                {
                    "id": "abcat0811002",
                    "name": "Cell Phone Accessories",
                    "createdAt": "2016-11-17T17:57:04.285Z",
                    "updatedAt": "2016-11-17T17:57:04.285Z"
                },
                {
                    "id": "pcmcat191200050015",
                    "name": "iPhone Accessories",
                    "createdAt": "2016-11-17T17:57:05.399Z",
                    "updatedAt": "2016-11-17T17:57:05.399Z"
                },
                {
                    "id": "pcmcat214700050000",
                    "name": "iPhone Cases & Clips",
                    "createdAt": "2016-11-17T17:57:05.399Z",
                    "updatedAt": "2016-11-17T17:57:05.399Z"
                }
            ]
        },
        {
            "id": 1565309,
            "name": "High School Musical 3: Senior Year DANCE - PRE-OWNED - PlayStation 2",
            "type": "Game",
            "price": 0.99,
            "upc": "799007783404",
            "shipping": 0,
            "description": "Show you can dance like a true Wildcat",
            "manufacturer": "Disney Interactive Studios",
            "model": null,
            "url": "http://www.bestbuy.com/site/high-school-musical-3-senior-year-dance-pre-owned-playstation-2/1565309.p?id=1218269696726&skuId=1565309&cmp=RMXCC",
            "image": "http://img.bbystatic.com/BestBuy_US/images/products/1565/1565309_sa.jpg",
            "createdAt": "2016-11-17T18:01:55.562Z",
            "updatedAt": "2016-11-17T18:01:55.562Z",
            "categories": [
                {
                    "id": "abcat0700000",
                    "name": "Video Games",
                    "createdAt": "2016-11-17T17:57:04.285Z",
                    "updatedAt": "2016-11-17T17:57:04.285Z"
                },
                {
                    "id": "pcmcat232900050017",
                    "name": "Pre-Owned Games",
                    "createdAt": "2016-11-17T17:57:05.399Z",
                    "updatedAt": "2016-11-17T17:57:05.399Z"
                }
            ]
        }
    ]
}
]]></system-out>
  </testcase>
  <testcase name="TestShownNameAndPriceOfAllProducts" classname="apiTest.ProductsAPiTest" time="0.055">
    <system-out><![CDATA[Request Log : 
__________________________________________
Request method:	GET
Request URI:	http://localhost:3030/products?%24select%5B%5D=name&%24select%5B%5D=price
Proxy:			<none>
Request params:	<none>
Query params:	$select[]=[name, price]
Form params:	<none>
Path params:	<none>
Headers:		Accept=*/*
				Content-Type=application/json
Cookies:		<none>
Multiparts:		<none>
Body:			<none>
Response Log :  
__________________________________________
{
    "total": 51970,
    "limit": 10,
    "skip": 0,
    "data": [
        {
            "name": "Duracell - AAA Batteries (4-Pack)",
            "price": 5.49
        },
        {
            "name": "Duracell - AA 1.5V CopperTop Batteries (4-Pack)",
            "price": 5.49
        },
        {
            "name": "Duracell - AA Batteries (8-Pack)",
            "price": 7.49
        },
        {
            "name": "Energizer - MAX Batteries AA (4-Pack)",
            "price": 4.99
        },
        {
            "name": "Duracell - C Batteries (4-Pack)",
            "price": 8.99
        },
        {
            "name": "Duracell - D Batteries (4-Pack)",
            "price": 9.99
        },
        {
            "name": "Pioneer - 4\" 3-Way Surface-Mount Speakers with IMPP Composite Cones (Pair) - Black",
            "price": 144.99
        },
        {
            "name": "Duracell - 9V Batteries (2-Pack)",
            "price": 7.99
        },
        {
            "name": "Energizer - N Cell E90 Batteries (2-Pack)",
            "price": 5.99
        },
        {
            "name": "Metra - Radio Installation Dash Kit for Most 1989-2000 Ford, Lincoln & Mercury Vehicles - Black",
            "price": 16.99
        }
    ]
}
]]></system-out>
  </testcase>
  <testcase name="TestProductsWithHardGood" classname="apiTest.ProductsAPiTest" time="0.673">
    <system-out><![CDATA[Request Log : 
__________________________________________
Request method:	GET
Request URI:	http://localhost:3030/products?type=HardGood
Proxy:			<none>
Request params:	<none>
Query params:	type=HardGood
Form params:	<none>
Path params:	<none>
Headers:		Accept=*/*
				Content-Type=application/json
Cookies:		<none>
Multiparts:		<none>
Body:			<none>
Response Log :  
__________________________________________
{
    "total": 46496,
    "limit": 10,
    "skip": 0,
    "data": [
        {
            "id": 43900,
            "name": "Duracell - AAA Batteries (4-Pack)",
            "type": "HardGood",
            "price": 5.49,
            "upc": "041333424019",
            "shipping": 0,
            "description": "Compatible with select electronic devices; AAA size; DURALOCK Power Preserve technology; 4-pack",
            "manufacturer": "Duracell",
            "model": "MN2400B4Z",
[...]
                    "createdAt": "2016-11-17T17:56:35.881Z",
                    "updatedAt": "2016-11-17T17:56:35.881Z",
                    "storeservices": {
                        "createdAt": "2016-11-17T17:57:08.218Z",
                        "updatedAt": "2016-11-17T17:57:08.218Z",
                        "storeId": 13,
                        "serviceId": 12
                    }
                },
                {
                    "id": 13,
                    "name": "LG Experience ",
                    "createdAt": "2016-11-17T17:56:35.881Z",
                    "updatedAt": "2016-11-17T17:56:35.881Z",
                    "storeservices": {
                        "createdAt": "2016-11-17T17:57:08.218Z",
                        "updatedAt": "2016-11-17T17:57:08.218Z",
                        "storeId": 13,
                        "serviceId": 13
                    }
                },
                {
                    "id": 14,
                    "name": "Sony Experience ",
                    "createdAt": "2016-11-17T17:56:35.881Z",
                    "updatedAt": "2016-11-17T17:56:35.881Z",
                    "storeservices": {
                        "createdAt": "2016-11-17T17:57:08.218Z",
                        "updatedAt": "2016-11-17T17:57:08.218Z",
                        "storeId": 13,
                        "serviceId": 14
                    }
                },
                {
                    "id": 15,
                    "name": "Best Buy Marine Powered by Geek Squad",
                    "createdAt": "2016-11-17T17:56:35.881Z",
                    "updatedAt": "2016-11-17T17:56:35.881Z",
                    "storeservices": {
                        "createdAt": "2016-11-17T17:57:08.218Z",
                        "updatedAt": "2016-11-17T17:57:08.218Z",
                        "storeId": 13,
                        "serviceId": 15
                    }
                }
            ]
        },
        {
            "id": 14,
            "name": "Rochester",
            "type": "BigBox",
            "address": "4050 Hwy 52 N",
            "address2": "",
            "city": "Rochester",
            "state": "MN",
            "zip": "55901",
            "lat": 44.064365,
            "lng": -92.496895,
            "hours": "Mon: 10-9; Tue: 10-9; Wed: 10-9; Thurs: 10-9; Fri: 10-9; Sat: 10-9; Sun: 10-8",
            "createdAt": "2016-11-17T17:57:04.756Z",
            "updatedAt": "2016-11-17T17:57:04.756Z",
            "services": [
                {
                    "id": 1,
                    "name": "Geek Squad Services",
                    "createdAt": "2016-11-17T17:56:35.881Z",
                    "updatedAt": "2016-11-17T17:56:35.881Z",
                    "storeservices": {
                        "createdAt": "2016-11-17T17:57:08.328Z",
                        "updatedAt": "2016-11-17T17:57:08.328Z",
                        "storeId": 14,
                        "serviceId": 1
                    }
                },
                {
                    "id": 2,
                    "name": "Best Buy Mobile",
                    "createdAt": "2016-11-17T17:56:35.881Z",
                    "updatedAt": "2016-11-17T17:56:35.881Z",
                    "storeservices": {
                        "createdAt": "2016-11-17T17:57:08.328Z",
                        "updatedAt": "2016-11-17T17:57:08.328Z",
                        "storeId": 14,
                        "serviceId": 2
                    }
                },
                {
                    "id": 3,
                    "name": "Best Buy For Business",
                    "createdAt": "2016-11-17T17:56:35.881Z",
                    "updatedAt": "2016-11-17T17:56:35.881Z",
                    "storeservices": {
                        "createdAt": "2016-11-17T17:57:08.328Z",
                        "updatedAt": "2016-11-17T17:57:08.328Z",
                        "storeId": 14,
                        "serviceId": 3
                    }
                },
                {
                    "id": 4,
                    "name": "Apple Shop",
                    "createdAt": "2016-11-17T17:56:35.881Z",
                    "updatedAt": "2016-11-17T17:56:35.881Z",
                    "storeservices": {
                        "createdAt": "2016-11-17T17:57:08.328Z",
                        "updatedAt": "2016-11-17T17:57:08.328Z",
                        "storeId": 14,
                        "serviceId": 4
                    }
                },
                {
                    "id": 7,
                    "name": "Electronics Recycling",
                    "createdAt": "2016-11-17T17:56:35.881Z",
                    "updatedAt": "2016-11-17T17:56:35.881Z",
                    "storeservices": {
                        "createdAt": "2016-11-17T17:57:08.328Z",
                        "updatedAt": "2016-11-17T17:57:08.328Z",
                        "storeId": 14,
                        "serviceId": 7
                    }
                },
                {
                    "id": 10,
                    "name": "Windows Store",
                    "createdAt": "2016-11-17T17:56:35.881Z",
                    "updatedAt": "2016-11-17T17:56:35.881Z",
                    "storeservices": {
                        "createdAt": "2016-11-17T17:57:08.328Z",
                        "updatedAt": "2016-11-17T17:57:08.328Z",
                        "storeId": 14,
                        "serviceId": 10
                    }
                },
                {
                    "id": 11,
                    "name": "Samsung Experience",
                    "createdAt": "2016-11-17T17:56:35.881Z",
                    "updatedAt": "2016-11-17T17:56:35.881Z",
                    "storeservices": {
                        "createdAt": "2016-11-17T17:57:08.328Z",
                        "updatedAt": "2016-11-17T17:57:08.328Z",
                        "storeId": 14,
                        "serviceId": 11
                    }
                },
                {
                    "id": 12,
                    "name": "Car & GPS Installation Services",
                    "createdAt": "2016-11-17T17:56:35.881Z",
                    "updatedAt": "2016-11-17T17:56:35.881Z",
                    "storeservices": {
                        "createdAt": "2016-11-17T17:57:08.328Z",
                        "updatedAt": "2016-11-17T17:57:08.328Z",
                        "storeId": 14,
                        "serviceId": 12
                    }
                },
                {
                    "id": 13,
                    "name": "LG Experience ",
                    "createdAt": "2016-11-17T17:56:35.881Z",
                    "updatedAt": "2016-11-17T17:56:35.881Z",
                    "storeservices": {
                        "createdAt": "2016-11-17T17:57:08.328Z",
                        "updatedAt": "2016-11-17T17:57:08.328Z",
                        "storeId": 14,
                        "serviceId": 13
                    }
                },
                {
                    "id": 14,
                    "name": "Sony Experience ",
                    "createdAt": "2016-11-17T17:56:35.881Z",
                    "updatedAt": "2016-11-17T17:56:35.881Z",
                    "storeservices": {
                        "createdAt": "2016-11-17T17:57:08.328Z",
                        "updatedAt": "2016-11-17T17:57:08.328Z",
                        "storeId": 14,
                        "serviceId": 14
                    }
                }
            ]
        },
        {
            "id": 15,
            "name": "Oakdale",
            "type": "BigBox",
            "address": "8301 3rd St N",
            "address2": "",
            "city": "Oakdale",
            "state": "MN",
            "zip": "55128",
            "lat": 44.950054,
            "lng": -92.936394,
            "hours": "Mon: 10-9; Tue: 10-9; Wed: 10-9; Thurs: 10-9; Fri: 10-9; Sat: 10-9; Sun: 10-8",
            "createdAt": "2016-11-17T17:57:04.813Z",
            "updatedAt": "2016-11-17T17:57:04.813Z",
            "services": [
                {
                    "id": 1,
                    "name": "Geek Squad Services",
                    "createdAt": "2016-11-17T17:56:35.881Z",
                    "updatedAt": "2016-11-17T17:56:35.881Z",
                    "storeservices": {
                        "createdAt": "2016-11-17T17:57:08.361Z",
                        "updatedAt": "2016-11-17T17:57:08.361Z",
                        "storeId": 15,
                        "serviceId": 1
                    }
                },
                {
                    "id": 2,
                    "name": "Best Buy Mobile",
                    "createdAt": "2016-11-17T17:56:35.881Z",
                    "updatedAt": "2016-11-17T17:56:35.881Z",
                    "storeservices": {
                        "createdAt": "2016-11-17T17:57:08.361Z",
                        "updatedAt": "2016-11-17T17:57:08.361Z",
                        "storeId": 15,
                        "serviceId": 2
                    }
                },
                {
                    "id": 3,
                    "name": "Best Buy For Business",
                    "createdAt": "2016-11-17T17:56:35.881Z",
                    "updatedAt": "2016-11-17T17:56:35.881Z",
                    "storeservices": {
                        "createdAt": "2016-11-17T17:57:08.361Z",
                        "updatedAt": "2016-11-17T17:57:08.361Z",
                        "storeId": 15,
                        "serviceId": 3
                    }
                },
                {
                    "id": 4,
                    "name": "Apple Shop",
                    "createdAt": "2016-11-17T17:56:35.881Z",
                    "updatedAt": "2016-11-17T17:56:35.881Z",
                    "storeservices": {
                        "createdAt": "2016-11-17T17:57:08.361Z",
                        "updatedAt": "2016-11-17T17:57:08.361Z",
                        "storeId": 15,
                        "serviceId": 4
                    }
                },
                {
                    "id": 7,
                    "name": "Electronics Recycling",
                    "createdAt": "2016-11-17T17:56:35.881Z",
                    "updatedAt": "2016-11-17T17:56:35.881Z",
                    "storeservices": {
                        "createdAt": "2016-11-17T17:57:08.361Z",
                        "updatedAt": "2016-11-17T17:57:08.361Z",
                        "storeId": 15,
                        "serviceId": 7
                    }
                },
                {
                    "id": 10,
                    "name": "Windows Store",
                    "createdAt": "2016-11-17T17:56:35.881Z",
                    "updatedAt": "2016-11-17T17:56:35.881Z",
                    "storeservices": {
                        "createdAt": "2016-11-17T17:57:08.361Z",
                        "updatedAt": "2016-11-17T17:57:08.361Z",
                        "storeId": 15,
                        "serviceId": 10
                    }
                },
                {
                    "id": 11,
                    "name": "Samsung Experience",
                    "createdAt": "2016-11-17T17:56:35.881Z",
                    "updatedAt": "2016-11-17T17:56:35.881Z",
                    "storeservices": {
                        "createdAt": "2016-11-17T17:57:08.361Z",
                        "updatedAt": "2016-11-17T17:57:08.361Z",
                        "storeId": 15,
                        "serviceId": 11
                    }
                },
                {
                    "id": 12,
                    "name": "Car & GPS Installation Services",
                    "createdAt": "2016-11-17T17:56:35.881Z",
                    "updatedAt": "2016-11-17T17:56:35.881Z",
                    "storeservices": {
                        "createdAt": "2016-11-17T17:57:08.361Z",
                        "updatedAt": "2016-11-17T17:57:08.361Z",
                        "storeId": 15,
                        "serviceId": 12
                    }
                },
                {
                    "id": 13,
                    "name": "LG Experience ",
                    "createdAt": "2016-11-17T17:56:35.881Z",
                    "updatedAt": "2016-11-17T17:56:35.881Z",
                    "storeservices": {
                        "createdAt": "2016-11-17T17:57:08.361Z",
                        "updatedAt": "2016-11-17T17:57:08.361Z",
                        "storeId": 15,
                        "serviceId": 13
                    }
                },
                {
                    "id": 14,
                    "name": "Sony Experience ",
                    "createdAt": "2016-11-17T17:56:35.881Z",
                    "updatedAt": "2016-11-17T17:56:35.881Z",
                    "storeservices": {
                        "createdAt": "2016-11-17T17:57:08.361Z",
                        "updatedAt": "2016-11-17T17:57:08.361Z",
                        "storeId": 15,
                        "serviceId": 14
                    }
                },
                {
                    "id": 17,
                    "name": "Magnolia Design Center ",
                    "createdAt": "2016-11-17T17:56:35.881Z",
                    "updatedAt": "2016-11-17T17:56:35.881Z",
                    "storeservices": {
                        "createdAt": "2016-11-17T17:57:08.361Z",
                        "updatedAt": "2016-11-17T17:57:08.361Z",
                        "storeId": 15,
                        "serviceId": 17
                    }
                },
                {
                    "id": 18,
                    "name": "Geek Squad Solution Central",
                    "createdAt": "2016-11-17T17:56:35.881Z",
                    "updatedAt": "2016-11-17T17:56:35.881Z",
                    "storeservices": {
                        "createdAt": "2016-11-17T17:57:08.361Z",
                        "updatedAt": "2016-11-17T17:57:08.361Z",
                        "storeId": 15,
                        "serviceId": 18
                    }
                },
                {
                    "id": 19,
                    "name": "Pacific Kitchen & Home",
                    "createdAt": "2016-11-17T17:56:35.881Z",
                    "updatedAt": "2016-11-17T17:56:35.881Z",
                    "storeservices": {
                        "createdAt": "2016-11-17T17:57:08.361Z",
                        "updatedAt": "2016-11-17T17:57:08.361Z",
                        "storeId": 15,
                        "serviceId": 19
                    }
                }
            ]
        }
    ]
}
]]></system-out>
  </testcase>
  <testcase name="testAddStoreSuccessfully" classname="apiTest.StoresAPiTest" time="0.037">
    <system-out><![CDATA[Request Log : 
__________________________________________
Request method:	POST
Request URI:	http://localhost:3030/stores
Proxy:			<none>
Request params:	<none>
Query params:	<none>
Form params:	<none>
Path params:	<none>
Headers:		Accept=application/json
				Content-Type=application/json
Cookies:		<none>
Multiparts:		<none>
Body:
{
    "zip": "02277",
    "address": "12 st",
    "lng": 5,
    "address2": "15 st",
    "city": "Cairo",
    "name": "StoreTestName",
    "state": "Cairo",
    "services": {
        
    },
    "type": "StoreType",
    "lat": 5
}
Response Log :  
__________________________________________
{
    "id": 8963,
    "zip": "02277",
    "address": "12 st",
    "lng": 5,
    "address2": "15 st",
    "city": "Cairo",
    "name": "StoreTestName",
    "state": "Cairo",
    "type": "StoreType",
    "lat": 5,
    "updatedAt": "2022-02-03T04:46:52.679Z",
    "createdAt": "2022-02-03T04:46:52.679Z"
}
]]></system-out>
  </testcase>
  <testcase name="testGetStoreByIdSuccessfully" classname="apiTest.StoresAPiTest" time="0.026">
    <system-out><![CDATA[Request Log : 
__________________________________________
Request method:	GET
Request URI:	http://localhost:3030/stores/8963
Proxy:			<none>
Request params:	<none>
Query params:	<none>
Form params:	<none>
Path params:	<none>
Headers:		Accept=*/*
				Content-Type=application/json
Cookies:		<none>
Multiparts:		<none>
Body:			<none>
Response Log :  
__________________________________________
{
    "id": 8963,
    "name": "StoreTestName",
    "type": "StoreType",
    "address": "12 st",
    "address2": "15 st",
    "city": "Cairo",
    "state": "Cairo",
    "zip": "02277",
    "lat": 5,
    "lng": 5,
    "hours": null,
    "createdAt": "2022-02-03T04:46:52.679Z",
    "updatedAt": "2022-02-03T04:46:52.679Z",
    "services": [
        
    ]
}
]]></system-out>
  </testcase>
  <testcase name="testUpdateStoreSuccessfully" classname="apiTest.StoresAPiTest" time="0.028">
    <system-out><![CDATA[Request Log : 
__________________________________________
Request method:	PATCH
Request URI:	http://localhost:3030/stores/8963
Proxy:			<none>
Request params:	<none>
Query params:	<none>
Form params:	<none>
Path params:	<none>
Headers:		Accept=*/*
				Content-Type=application/json
Cookies:		<none>
Multiparts:		<none>
Body:
{
    "name": "Updated Store Name Value",
    "type": "Updated Store type value"
}
Response Log :  
__________________________________________
{
    "id": 8963,
    "name": "Updated Store Name Value",
    "type": "Updated Store type value",
    "address": "12 st",
    "address2": "15 st",
    "city": "Cairo",
    "state": "Cairo",
    "zip": "02277",
    "lat": 5,
    "lng": 5,
    "hours": null,
    "createdAt": "2022-02-03T04:46:52.679Z",
    "updatedAt": "2022-02-03T04:46:52.792Z"
}
]]></system-out>
  </testcase>
  <testcase name="testDeleteStoreSuccessfully" classname="apiTest.StoresAPiTest" time="0.028">
    <system-out><![CDATA[Request Log : 
__________________________________________
Request method:	DELETE
Request URI:	http://localhost:3030/stores/8963
Proxy:			<none>
Request params:	<none>
Query params:	<none>
Form params:	<none>
Path params:	<none>
Headers:		Accept=*/*
				Content-Type=application/json
Cookies:		<none>
Multiparts:		<none>
Body:			<none>
Response Log :  
__________________________________________
{
    "id": 8963,
    "name": "Updated Store Name Value",
    "type": "Updated Store type value",
    "address": "12 st",
    "address2": "15 st",
    "city": "Cairo",
    "state": "Cairo",
    "zip": "02277",
    "lat": 5,
    "lng": 5,
    "hours": null,
    "createdAt": "2022-02-03T04:46:52.679Z",
    "updatedAt": "2022-02-03T04:46:52.792Z"
}
8963
]]></system-out>
  </testcase>
  <testcase name="TestGetVersion" classname="apiTest.UtilitiesAPiTest" time="0.019">
    <system-out><![CDATA[Request Log : 
__________________________________________
Request method:	GET
Request URI:	http://localhost:3030/version
Proxy:			<none>
Request params:	<none>
Query params:	<none>
Form params:	<none>
Path params:	<none>
Headers:		Accept=*/*
				Content-Type=application/json
Cookies:		<none>
Multiparts:		<none>
Body:			<none>
Response Log :  
__________________________________________
{
    "version": "1.1.0"
}
]]></system-out>
  </testcase>
  <testcase name="TestGetHealthCheck" classname="apiTest.UtilitiesAPiTest" time="0.029">
    <system-out><![CDATA[Request Log : 
__________________________________________
Request method:	GET
Request URI:	http://localhost:3030/healthcheck
Proxy:			<none>
Request params:	<none>
Query params:	<none>
Form params:	<none>
Path params:	<none>
Headers:		Accept=*/*
				Content-Type=application/json
Cookies:		<none>
Multiparts:		<none>
Body:			<none>
Response Log :  
__________________________________________
{
    "uptime": 239080.2103188,
    "readonly": false,
    "documents": {
        "products": 51970,
        "stores": 1571,
        "categories": 4310
    }
}
]]></system-out>
  </testcase>
</testsuite>