<?xml version="1.0" encoding="UTF-8"?>
<testsuite xmlns:xsi="http://www.w3.org/2001/XMLSchema-instance" xsi:noNamespaceSchemaLocation="https://maven.apache.org/surefire/maven-surefire-plugin/xsd/surefire-test-report-3.0.xsd" version="3.0" name="TestSuite" time="93.367" tests="10" errors="0" skipped="0" failures="2">
  <properties>
[...]
</properties>
  <testcase name="testSignUpWithInvalidFirstUserName[SignUpUsersData, 2](1)" classname="pagesTest.SignUpTestBase" time="4.829">
    <system-err><![CDATA[SLF4J: Failed to load class "org.slf4j.impl.StaticLoggerBinder".
SLF4J: Defaulting to no-operation (NOP) logger implementation
SLF4J: See http://www.slf4j.org/codes.html#StaticLoggerBinder for further details.
Starting ChromeDriver 97.0.4692.71 (adefa7837d02a07a604c1e6eff0b3a09422ab88d-refs/branch-heads/4692@{#1247}) on port 47368
Only local connections are allowed.
Please see https://chromedriver.chromium.org/security-considerations for suggestions on keeping ChromeDriver safe.
ChromeDriver was started successfully.
Feb 03, 2022 8:38:32 AM org.openqa.selenium.remote.ProtocolHandshake createSession
INFO: Detected dialect: W3C
]]></system-err>
  </testcase>
  <testcase name="testSignUpWithInvalidLastUserName[SignUpUsersData, 3](1)" classname="pagesTest.SignUpTestBase" time="6.22"/>
  <testcase name="testSignUpWithInvalidUserDateOfBirth[SignUpUsersData, 4](1)" classname="pagesTest.SignUpTestBase" time="1.707">
    <system-out><![CDATA[The element Test : It looks like you've entered the wrong info. Please make sure that you use your real date of birth.
]]></system-out>
  </testcase>
  <testcase name="testSignUpWithEmailsDoseNotMatch[SignUpUsersData, 5](1)" classname="pagesTest.SignUpTestBase" time="2.411">
    <system-out><![CDATA[Your emails do not match. Please try again.
]]></system-out>
  </testcase>
  <testcase name="testSignUpWithNoGender[SignUpUsersData, 6](1)" classname="pagesTest.SignUpTestBase" time="2.024">
    <system-out><![CDATA[Please choose a gender. You can change who can see this later.
]]></system-out>
  </testcase>
  <testcase name="testUserSignUpSuccessfully[SignUpUsersData, 7](1)" classname="pagesTest.SignUpTestBase" time="9.508"/>
  <testcase name="testUserSignInWithInvalidPassword[LoginUsersData, 2](1)" classname="pagesTest.LoginPageTestBase" time="19.683">
    <failure message="Expected condition failed: waiting for visibility of element located by By.cssSelector: div[class=&apos;fsl fwb fcb&apos;] (tried for 15 second(s) with 2000 milliseconds interval)" type="org.openqa.selenium.TimeoutException"><![CDATA[org.openqa.selenium.TimeoutException: Expected condition failed: waiting for visibility of element located by By.cssSelector: div[class='fsl fwb fcb'] (tried for 15 second(s) with 2000 milliseconds interval)
	at pagesTest.LoginPageTestBase.testUserSignInWithInvalidPassword(LoginPageTestBase.java:25)
Caused by: org.openqa.selenium.NoSuchElementException: 
no such element: Unable to locate element: {"method":"css selector","selector":"div[class='fsl fwb fcb']"}
  (Session info: chrome=97.0.4692.99)
For documentation on this error, please visit: https://www.seleniumhq.org/exceptions/no_such_element.html
Build info: version: '3.141.59', revision: 'e82be7d358', time: '2018-11-14T08:17:03'
System info: host: 'LAPTOP-KNRI3NA5', ip: '192.168.1.105', os.name: 'Windows 10', os.arch: 'amd64', os.version: '10.0', java.version: '1.8.0_221'
Driver info: org.openqa.selenium.chrome.ChromeDriver
Capabilities {acceptInsecureCerts: false, browserName: chrome, browserVersion: 97.0.4692.99, chrome: {chromedriverVersion: 97.0.4692.71 (adefa7837d02a..., userDataDir: C:\Users\lenov\AppData\Loca...}, goog:chromeOptions: {debuggerAddress: localhost:59781}, javascriptEnabled: true, networkConnectionEnabled: false, pageLoadStrategy: normal, platform: WINDOWS, platformName: WINDOWS, proxy: Proxy(), setWindowRect: true, strictFileInteractability: false, timeouts: {implicit: 0, pageLoad: 300000, script: 30000}, unhandledPromptBehavior: dismiss and notify, webauthn:extension:credBlob: true, webauthn:extension:largeBlob: true, webauthn:virtualAuthenticators: true}
Session ID: 0b7eca2b24a425f0f2145af5a7a887e5
*** Element info: {Using=css selector, value=div[class='fsl fwb fcb']}
	at pagesTest.LoginPageTestBase.testUserSignInWithInvalidPassword(LoginPageTestBase.java:25)
]]></failure>
    <system-err><![CDATA[Starting ChromeDriver 97.0.4692.71 (adefa7837d02a07a604c1e6eff0b3a09422ab88d-refs/branch-heads/4692@{#1247}) on port 28164
Only local connections are allowed.
Please see https://chromedriver.chromium.org/security-considerations for suggestions on keeping ChromeDriver safe.
ChromeDriver was started successfully.
Feb 03, 2022 8:39:04 AM org.openqa.selenium.remote.ProtocolHandshake createSession
INFO: Detected dialect: W3C
]]></system-err>
  </testcase>
  <testcase name="testUserSignInWithInvalidEmail[LoginUsersData, 3](1)" classname="pagesTest.LoginPageTestBase" time="7.528"/>
  <testcase name="testUserSignInWithInvalidEmailAndPassword[LoginUsersData, 4](1)" classname="pagesTest.LoginPageTestBase" time="19.652">
    <failure message="Expected condition failed: waiting for visibility of element located by By.cssSelector: div[class=&apos;fsl fwb fcb&apos;] (tried for 15 second(s) with 2000 milliseconds interval)" type="org.openqa.selenium.TimeoutException"><![CDATA[org.openqa.selenium.TimeoutException: Expected condition failed: waiting for visibility of element located by By.cssSelector: div[class='fsl fwb fcb'] (tried for 15 second(s) with 2000 milliseconds interval)
	at pagesTest.LoginPageTestBase.testUserSignInWithInvalidEmailAndPassword(LoginPageTestBase.java:49)
Caused by: org.openqa.selenium.NoSuchElementException: 
no such element: Unable to locate element: {"method":"css selector","selector":"div[class='fsl fwb fcb']"}
  (Session info: chrome=97.0.4692.99)
For documentation on this error, please visit: https://www.seleniumhq.org/exceptions/no_such_element.html
Build info: version: '3.141.59', revision: 'e82be7d358', time: '2018-11-14T08:17:03'
System info: host: 'LAPTOP-KNRI3NA5', ip: '192.168.1.105', os.name: 'Windows 10', os.arch: 'amd64', os.version: '10.0', java.version: '1.8.0_221'
Driver info: org.openqa.selenium.chrome.ChromeDriver
Capabilities {acceptInsecureCerts: false, browserName: chrome, browserVersion: 97.0.4692.99, chrome: {chromedriverVersion: 97.0.4692.71 (adefa7837d02a..., userDataDir: C:\Users\lenov\AppData\Loca...}, goog:chromeOptions: {debuggerAddress: localhost:59781}, javascriptEnabled: true, networkConnectionEnabled: false, pageLoadStrategy: normal, platform: WINDOWS, platformName: WINDOWS, proxy: Proxy(), setWindowRect: true, strictFileInteractability: false, timeouts: {implicit: 0, pageLoad: 300000, script: 30000}, unhandledPromptBehavior: dismiss and notify, webauthn:extension:credBlob: true, webauthn:extension:largeBlob: true, webauthn:virtualAuthenticators: true}
Session ID: 0b7eca2b24a425f0f2145af5a7a887e5
*** Element info: {Using=css selector, value=div[class='fsl fwb fcb']}
	at pagesTest.LoginPageTestBase.testUserSignInWithInvalidEmailAndPassword(LoginPageTestBase.java:49)
]]></failure>
  </testcase>
  <testcase name="testUserSignInSuccessfully[LoginUsersData, 5](1)" classname="pagesTest.LoginPageTestBase" time="5.674"/>
</testsuite>